c:\usr\clanwin\uni_debug\vc120.pdb
c:\usr\clanwin\uni_debug\vc120.idb
c:\usr\clanwin\uni_debug\sugar.obj
c:\usr\clanwin\uni_debug\c_curses.obj
c:\usr\clanwin\uni_debug\c_main.obj
c:\usr\clanwin\uni_debug\c_ver.obj
c:\usr\clanwin\uni_debug\clan2view.obj
c:\usr\clanwin\uni_debug\dss.obj
c:\usr\clanwin\uni_debug\text.obj
c:\usr\clanwin\uni_debug\w95_cl_kideval.obj
c:\usr\clanwin\uni_debug\w95_cl_tiers.obj
c:\usr\clanwin\uni_debug\w95_commands.obj
c:\usr\clanwin\uni_debug\w95_menu.obj
c:\usr\clanwin\uni_debug\w95_wind.obj
c:\usr\clanwin\uni_debug\corelex.obj
c:\usr\clanwin\uni_debug\chstring.obj
c:\usr\clanwin\uni_debug\text2chat.obj
c:\usr\clanwin\uni_debug\kideval.obj
c:\usr\clanwin\uni_debug\fontconvert.obj
c:\usr\clanwin\uni_debug\utils.obj
c:\usr\clanwin\uni_debug\cutt.obj
c:\usr\clanwin\uni_debug\check_in.obj
c:\usr\clanwin\uni_debug\check.obj
c:\usr\clanwin\uni_debug\mlu.obj
c:\usr\clanwin\uni_debug\lowcase.obj
c:\usr\clanwin\uni_debug\freq.obj
c:\usr\clanwin\uni_debug\flo.obj
c:\usr\clanwin\uni_debug\ipsyn.obj
c:\usr\clanwin\uni_debug\flucalc.obj
c:\usr\clanwin\uni_debug\ced.obj
c:\usr\clanwin\uni_debug\chat2elan.obj
c:\usr\clanwin\uni_debug\chat2praat.obj
c:\usr\clanwin\uni_debug\chat2xmar.obj
c:\usr\clanwin\uni_debug\fixbullets.obj
c:\usr\clanwin\uni_debug\praat2chat.obj
c:\usr\clanwin\uni_debug\c-nnla.obj
c:\usr\clanwin\uni_debug\c-qpa.obj
c:\usr\clanwin\uni_debug\codes-p.obj
c:\usr\clanwin\uni_debug\eval.obj
c:\usr\clanwin\uni_debug\lab2chat.obj
c:\usr\clanwin\uni_debug\mortable.obj
c:\usr\clanwin\uni_debug\mul.obj
c:\usr\clanwin\uni_debug\keymap.obj
c:\usr\clanwin\uni_debug\modrep.obj
c:\usr\clanwin\uni_debug\wdlen.obj
c:\usr\clanwin\uni_debug\input.obj
c:\usr\clanwin\uni_debug\mortags.obj
c:\usr\clanwin\uni_debug\msg.obj
c:\usr\clanwin\uni_debug\post.obj
c:\usr\clanwin\uni_debug\postana.obj
c:\usr\clanwin\uni_debug\postlist.obj
c:\usr\clanwin\uni_debug\posttrain.obj
c:\usr\clanwin\uni_debug\rules.obj
c:\usr\clanwin\uni_debug\storage.obj
c:\usr\clanwin\uni_debug\tags.obj
c:\usr\clanwin\uni_debug\trainproc.obj
c:\usr\clanwin\uni_debug\workspace.obj
c:\usr\clanwin\uni_debug\args.obj
c:\usr\clanwin\uni_debug\dcompute.obj
c:\usr\clanwin\uni_debug\filter.obj
c:\usr\clanwin\uni_debug\speaker.obj
c:\usr\clanwin\uni_debug\tokens.obj
c:\usr\clanwin\uni_debug\w95_util.obj
c:\usr\clanwin\uni_debug\ceddlgs.obj
c:\usr\clanwin\uni_debug\drules.obj
c:\usr\clanwin\uni_debug\globals.obj
c:\usr\clanwin\uni_debug\lex-trie.obj
c:\usr\clanwin\uni_debug\mor.obj
c:\usr\clanwin\uni_debug\morlib.obj
c:\usr\clanwin\uni_debug\phonfreq.obj
c:\usr\clanwin\uni_debug\rely.obj
c:\usr\clanwin\uni_debug\timedur.obj
c:\usr\clanwin\uni_debug\chains.obj
c:\usr\clanwin\uni_debug\combo.obj
c:\usr\clanwin\uni_debug\dates.obj
c:\usr\clanwin\uni_debug\mllib.obj
c:\usr\clanwin\uni_debug\anaalgo.obj
c:\usr\clanwin\uni_debug\atom.obj
c:\usr\clanwin\uni_debug\database.obj
c:\usr\clanwin\uni_debug\hashbsc.obj
c:\usr\clanwin\uni_debug\hashc.obj
c:\usr\clanwin\uni_debug\cl_exec.obj
c:\usr\clanwin\uni_debug\search.obj
c:\usr\clanwin\uni_debug\sound.obj
c:\usr\clanwin\uni_debug\tiers.obj
c:\usr\clanwin\uni_debug\windows.obj
c:\usr\clanwin\uni_debug\chip.obj
c:\usr\clanwin\uni_debug\chip_utl.obj
c:\usr\clanwin\uni_debug\cooccur.obj
c:\usr\clanwin\uni_debug\dist.obj
c:\usr\clanwin\uni_debug\freqpos.obj
c:\usr\clanwin\uni_debug\gem.obj
c:\usr\clanwin\uni_debug\gemfreq.obj
c:\usr\clanwin\uni_debug\gemlist.obj
c:\usr\clanwin\uni_debug\kwal.obj
c:\usr\clanwin\uni_debug\maxwd.obj
c:\usr\clanwin\uni_debug\mlt.obj
c:\usr\clanwin\uni_debug\arules.obj
c:\usr\clanwin\uni_debug\crules.obj
c:\usr\clanwin\uni_debug\medialine.obj
c:\usr\clanwin\uni_debug\megrasp.obj
c:\usr\clanwin\uni_debug\olac.obj
c:\usr\clanwin\uni_debug\ort.obj
c:\usr\clanwin\uni_debug\compoundlib.obj
c:\usr\clanwin\uni_debug\splitchat.obj
c:\usr\clanwin\uni_debug\postmortem.obj
c:\usr\clanwin\uni_debug\pp.obj
c:\usr\clanwin\uni_debug\rtf2chat.obj
c:\usr\clanwin\uni_debug\salt2chat.obj
c:\usr\clanwin\uni_debug\script.obj
c:\usr\clanwin\uni_debug\silence.obj
c:\usr\clanwin\uni_debug\tlangcodes.obj
c:\usr\clanwin\uni_debug\usedlex.obj
c:\usr\clanwin\uni_debug\vocd.obj
c:\usr\clanwin\uni_debug\play2chat.obj
c:\usr\clanwin\uni_debug\quotes.obj
c:\usr\clanwin\uni_debug\repeat.obj
c:\usr\clanwin\uni_debug\retrace.obj
c:\usr\clanwin\uni_debug\srt2chat.obj
c:\usr\clanwin\uni_debug\trnfix.obj
c:\usr\clanwin\uni_debug\uniq.obj
c:\usr\clanwin\uni_debug\cmdi.obj
c:\usr\clanwin\uni_debug\cutt-xml.obj
c:\usr\clanwin\uni_debug\fixmp3sbullets.obj
c:\usr\clanwin\uni_debug\gps.obj
c:\usr\clanwin\uni_debug\indent.obj
c:\usr\clanwin\uni_debug\lines.obj
c:\usr\clanwin\uni_debug\lipputf2chat.obj
c:\usr\clanwin\uni_debug\makemod.obj
c:\usr\clanwin\uni_debug\w95_sound.obj
c:\usr\clanwin\uni_debug\w95_unzip.obj
c:\usr\clanwin\uni_debug\show_gra.obj
c:\usr\clanwin\uni_debug\anvil2chat.obj
c:\usr\clanwin\uni_debug\combtier.obj
c:\usr\clanwin\uni_debug\chat2anvil.obj
c:\usr\clanwin\uni_debug\chat2ca.obj
c:\usr\clanwin\uni_debug\chat2conll.obj
c:\usr\clanwin\uni_debug\chat2srt.obj
c:\usr\clanwin\uni_debug\conll2chat.obj
c:\usr\clanwin\uni_debug\cp2utf8.obj
c:\usr\clanwin\uni_debug\datacleanup.obj
c:\usr\clanwin\uni_debug\delim.obj
c:\usr\clanwin\uni_debug\dos2unix.obj
c:\usr\clanwin\uni_debug\elan2chat.obj
c:\usr\clanwin\uni_debug\fixit.obj
c:\usr\clanwin\uni_debug\lena2chat.obj
c:\usr\clanwin\uni_debug\longtier.obj
c:\usr\clanwin\uni_debug\brillanx.obj
c:\usr\clanwin\uni_debug\brilltagger.obj
c:\usr\clanwin\uni_debug\compound.obj
c:\usr\clanwin\uni_debug\contextrl.obj
c:\usr\clanwin\uni_debug\postmodrules.obj
c:\usr\clanwin\uni_debug\registry.obj
c:\usr\clanwin\uni_debug\trainbrill.obj
c:\usr\clanwin\uni_debug\stringparser.obj
c:\usr\clanwin\uni_debug\tierorder.obj
c:\usr\clanwin\uni_debug\w95_cl_eval.obj
c:\usr\clanwin\uni_debug\w95_cl_filein.obj
c:\usr\clanwin\uni_debug\blmvm.obj
c:\usr\clanwin\uni_debug\maxent.obj
c:\usr\clanwin\uni_debug\my_unix.obj
c:\usr\clanwin\uni_debug\darray.obj
c:\usr\clanwin\uni_debug\memory.obj
c:\usr\clanwin\uni_debug\w95_ids.obj
c:\usr\clanwin\uni_debug\ids.obj
c:\usr\clanwin\uni_debug\cursor.obj
c:\usr\clanwin\uni_debug\delete.obj
c:\usr\clanwin\uni_debug\undo.obj
c:\usr\clanwin\uni_debug\clan2.obj
c:\usr\clanwin\uni_debug\clan2doc.obj
c:\usr\clanwin\uni_debug\msutils.obj
c:\usr\clanwin\uni_debug\mainfrm.obj
c:\usr\clanwin\uni_debug\w95_dial.obj
c:\usr\clanwin\uni_debug\w95_text.obj
c:\usr\clanwin\uni_debug\w95_pict.obj
c:\usr\clanwin\uni_debug\w95_progress.obj
c:\usr\clanwin\uni_debug\buildtree.obj
c:\usr\clanwin\uni_debug\w95_playbackcontrol.obj
c:\usr\clanwin\uni_debug\w95_textbullet.obj
c:\usr\clanwin\uni_debug\w95_txtbullet.obj
c:\usr\clanwin\uni_debug\cl_search.obj
c:\usr\clanwin\uni_debug\key.obj
c:\usr\clanwin\uni_debug\cl_io.obj
c:\usr\clanwin\uni_debug\codes.obj
c:\usr\clanwin\uni_debug\g711.obj
c:\usr\clanwin\uni_debug\fstructviewer.obj
c:\usr\clanwin\uni_debug\mvhelp.obj
c:\usr\clanwin\uni_debug\mpeg.obj
c:\usr\clanwin\uni_debug\mpegdlg.obj
c:\usr\clanwin\uni_debug\mpegeventdispatch.obj
c:\usr\clanwin\uni_debug\w95_spcharsdialog.obj
c:\usr\clanwin\uni_debug\w95_webdata.obj
c:\usr\clanwin\uni_debug\w95_cl_folders.obj
c:\usr\clanwin\uni_debug\w95_cl_search.obj
c:\usr\clanwin\uni_debug\w95_feedback.obj
c:\usr\clanwin\uni_debug\w95_mous.obj
c:\usr\clanwin\uni_debug\cland.ilk
c:\usr\clanwin\uni_debug\cland.exe
c:\usr\clanwin\uni_debug\cland.pdb
c:\usr\clanwin\uni_debug\clan2.res
c:\usr\clanwin\uni_debug\childfrm.obj
c:\usr\clanwin\uni_debug\sendpraat.obj
c:\usr\clanwin\uni_debug\stdafx.obj
c:\usr\clanwin\uni_debug\w95_savemovietowave.obj
c:\usr\clanwin\.\uni_debug\cland.exe
c:\usr\clanwin\uni_debug\clan2.tlog\cl.command.1.tlog
c:\usr\clanwin\uni_debug\clan2.tlog\cl.read.1.tlog
c:\usr\clanwin\uni_debug\clan2.tlog\cl.write.1.tlog
c:\usr\clanwin\uni_debug\clan2.tlog\link.command.1.tlog
c:\usr\clanwin\uni_debug\clan2.tlog\link.read.1.tlog
c:\usr\clanwin\uni_debug\clan2.tlog\link.write.1.tlog
c:\usr\clanwin\uni_debug\clan2.tlog\rc.command.1.tlog
c:\usr\clanwin\uni_debug\clan2.tlog\rc.read.1.tlog
c:\usr\clanwin\uni_debug\clan2.tlog\rc.write.1.tlog
