  c-qpa.cpp
C:\USR\ClanWin\SRC\clan\c-qpa.cpp(344,12): warning C4244: '=': conversion from 'double' to 'float', possible loss of data
C:\USR\ClanWin\SRC\clan\c-qpa.cpp(991,9): warning C4068: unknown pragma 'unused'
C:\USR\ClanWin\SRC\clan\c-qpa.cpp(1052,9): warning C4244: 'return': conversion from 'long' to 'float', possible loss of data
C:\USR\ClanWin\SRC\clan\c-qpa.cpp(1641,9): warning C4068: unknown pragma 'unused'
C:\USR\ClanWin\SRC\clan\c-qpa.cpp(1678,9): warning C4068: unknown pragma 'unused'
C:\USR\ClanWin\SRC\clan\c-qpa.cpp(2867,26): warning C4244: '=': conversion from 'double' to 'float', possible loss of data
C:\USR\ClanWin\SRC\clan\c-qpa.cpp(3105,25): warning C4244: '=': conversion from 'double' to 'float', possible loss of data
C:\USR\ClanWin\SRC\clan\c-qpa.cpp(3106,13): warning C4244: '=': conversion from 'float' to 'int', possible loss of data
C:\USR\ClanWin\SRC\clan\c-qpa.cpp(3170,19): warning C4244: '=': conversion from 'double' to 'float', possible loss of data
C:\USR\ClanWin\SRC\clan\c-qpa.cpp(3307,47): warning C4244: 'argument': conversion from 'double' to 'float', possible loss of data
C:\USR\ClanWin\SRC\clan\c-qpa.cpp(3476,16): warning C4244: '=': conversion from 'double' to 'float', possible loss of data
  Chat2Srt.cpp
  chiputil.cpp
  codes-p.cpp
C:\USR\ClanWin\SRC\clan\codes-p.cpp(222,2): warning C4065: switch statement contains 'default' but no 'case' labels
C:\USR\ClanWin\SRC\clan\codes-p.cpp(426,9): warning C4244: '=': conversion from 'long' to 'float', possible loss of data
C:\USR\ClanWin\SRC\clan\codes-p.cpp(428,9): warning C4244: '=': conversion from 'long' to 'float', possible loss of data
C:\USR\ClanWin\SRC\clan\codes-p.cpp(434,13): warning C4244: '=': conversion from 'long' to 'float', possible loss of data
  complexity.cpp
  convort.cpp
  corelex.cpp
  eval-d.cpp
C:\USR\ClanWin\SRC\clan\eval-d.cpp(953,9): warning C4244: 'return': conversion from 'long' to 'float', possible loss of data
C:\USR\ClanWin\SRC\clan\eval-d.cpp(1685,12): warning C4244: '=': conversion from 'double' to 'float', possible loss of data
C:\USR\ClanWin\SRC\clan\eval-d.cpp(1966,24): warning C4244: '=': conversion from 'double' to 'float', possible loss of data
C:\USR\ClanWin\SRC\clan\eval-d.cpp(2051,44): warning C4244: '=': conversion from 'double' to 'float', possible loss of data
C:\USR\ClanWin\SRC\clan\eval-d.cpp(2085,41): warning C4244: '=': conversion from 'double' to 'float', possible loss of data
C:\USR\ClanWin\SRC\clan\eval-d.cpp(2097,33): warning C4244: '=': conversion from 'double' to 'float', possible loss of data
C:\USR\ClanWin\SRC\clan\eval-d.cpp(2109,41): warning C4244: '=': conversion from 'double' to 'float', possible loss of data
C:\USR\ClanWin\SRC\clan\eval-d.cpp(2121,39): warning C4244: '=': conversion from 'double' to 'float', possible loss of data
C:\USR\ClanWin\SRC\clan\eval-d.cpp(2133,39): warning C4244: '=': conversion from 'double' to 'float', possible loss of data
C:\USR\ClanWin\SRC\clan\eval-d.cpp(2145,37): warning C4244: '=': conversion from 'double' to 'float', possible loss of data
C:\USR\ClanWin\SRC\clan\eval-d.cpp(2157,39): warning C4244: '=': conversion from 'double' to 'float', possible loss of data
C:\USR\ClanWin\SRC\clan\eval-d.cpp(2169,37): warning C4244: '=': conversion from 'double' to 'float', possible loss of data
C:\USR\ClanWin\SRC\clan\eval-d.cpp(2181,39): warning C4244: '=': conversion from 'double' to 'float', possible loss of data
C:\USR\ClanWin\SRC\clan\eval-d.cpp(2193,39): warning C4244: '=': conversion from 'double' to 'float', possible loss of data
C:\USR\ClanWin\SRC\clan\eval-d.cpp(2205,41): warning C4244: '=': conversion from 'double' to 'float', possible loss of data
C:\USR\ClanWin\SRC\clan\eval-d.cpp(2217,39): warning C4244: '=': conversion from 'double' to 'float', possible loss of data
C:\USR\ClanWin\SRC\clan\eval-d.cpp(2229,39): warning C4244: '=': conversion from 'double' to 'float', possible loss of data
C:\USR\ClanWin\SRC\clan\eval-d.cpp(2241,41): warning C4244: '=': conversion from 'double' to 'float', possible loss of data
C:\USR\ClanWin\SRC\clan\eval-d.cpp(2253,39): warning C4244: '=': conversion from 'double' to 'float', possible loss of data
C:\USR\ClanWin\SRC\clan\eval-d.cpp(2265,41): warning C4244: '=': conversion from 'double' to 'float', possible loss of data
C:\USR\ClanWin\SRC\clan\eval-d.cpp(2370,25): warning C4244: '=': conversion from 'double' to 'float', possible loss of data
C:\USR\ClanWin\SRC\clan\eval-d.cpp(2371,13): warning C4244: '=': conversion from 'float' to 'int', possible loss of data
C:\USR\ClanWin\SRC\clan\eval-d.cpp(2428,19): warning C4244: '=': conversion from 'double' to 'float', possible loss of data
C:\USR\ClanWin\SRC\clan\eval-d.cpp(2569,45): warning C4244: 'argument': conversion from 'double' to 'float', possible loss of data
C:\USR\ClanWin\SRC\clan\eval-d.cpp(2578,39): warning C4244: '=': conversion from 'double' to 'float', possible loss of data
C:\USR\ClanWin\SRC\clan\eval-d.cpp(2597,31): warning C4244: '=': conversion from 'double' to 'float', possible loss of data
C:\USR\ClanWin\SRC\clan\eval-d.cpp(2605,35): warning C4244: '=': conversion from 'double' to 'float', possible loss of data
C:\USR\ClanWin\SRC\clan\eval-d.cpp(2606,37): warning C4244: '=': conversion from 'double' to 'float', possible loss of data
C:\USR\ClanWin\SRC\clan\eval-d.cpp(2607,35): warning C4244: '=': conversion from 'double' to 'float', possible loss of data
C:\USR\ClanWin\SRC\clan\eval-d.cpp(2608,37): warning C4244: '=': conversion from 'double' to 'float', possible loss of data
C:\USR\ClanWin\SRC\clan\eval-d.cpp(2609,37): warning C4244: '=': conversion from 'double' to 'float', possible loss of data
C:\USR\ClanWin\SRC\clan\eval-d.cpp(2623,39): warning C4244: '=': conversion from 'double' to 'float', possible loss of data
C:\USR\ClanWin\SRC\clan\eval-d.cpp(2624,39): warning C4244: '=': conversion from 'double' to 'float', possible loss of data
C:\USR\ClanWin\SRC\clan\eval-d.cpp(2625,37): warning C4244: '=': conversion from 'double' to 'float', possible loss of data
C:\USR\ClanWin\SRC\clan\eval-d.cpp(2626,37): warning C4244: '=': conversion from 'double' to 'float', possible loss of data
C:\USR\ClanWin\SRC\clan\eval-d.cpp(2627,39): warning C4244: '=': conversion from 'double' to 'float', possible loss of data
C:\USR\ClanWin\SRC\clan\eval-d.cpp(2628,37): warning C4244: '=': conversion from 'double' to 'float', possible loss of data
C:\USR\ClanWin\SRC\clan\eval-d.cpp(2629,37): warning C4244: '=': conversion from 'double' to 'float', possible loss of data
C:\USR\ClanWin\SRC\clan\eval-d.cpp(2630,39): warning C4244: '=': conversion from 'double' to 'float', possible loss of data
C:\USR\ClanWin\SRC\clan\eval-d.cpp(2631,37): warning C4244: '=': conversion from 'double' to 'float', possible loss of data
C:\USR\ClanWin\SRC\clan\eval-d.cpp(2632,39): warning C4244: '=': conversion from 'double' to 'float', possible loss of data
C:\USR\ClanWin\SRC\clan\eval-d.cpp(2699,16): warning C4244: '=': conversion from 'double' to 'float', possible loss of data
  flucalc.cpp
C:\USR\ClanWin\SRC\clan\flucalc.cpp(1092,48): warning C4244: 'argument': conversion from 'double' to 'float', possible loss of data
C:\USR\ClanWin\SRC\clan\flucalc.cpp(1097,52): warning C4244: 'argument': conversion from 'double' to 'float', possible loss of data
C:\USR\ClanWin\SRC\clan\flucalc.cpp(1102,48): warning C4244: 'argument': conversion from 'double' to 'float', possible loss of data
C:\USR\ClanWin\SRC\clan\flucalc.cpp(1105,58): warning C4244: 'argument': conversion from 'double' to 'float', possible loss of data
C:\USR\ClanWin\SRC\clan\flucalc.cpp(1107,57): warning C4244: 'argument': conversion from 'double' to 'float', possible loss of data
C:\USR\ClanWin\SRC\clan\flucalc.cpp(1109,51): warning C4244: 'argument': conversion from 'double' to 'float', possible loss of data
C:\USR\ClanWin\SRC\clan\flucalc.cpp(1111,49): warning C4244: 'argument': conversion from 'double' to 'float', possible loss of data
C:\USR\ClanWin\SRC\clan\flucalc.cpp(1113,51): warning C4244: 'argument': conversion from 'double' to 'float', possible loss of data
C:\USR\ClanWin\SRC\clan\flucalc.cpp(1115,49): warning C4244: 'argument': conversion from 'double' to 'float', possible loss of data
C:\USR\ClanWin\SRC\clan\flucalc.cpp(1117,50): warning C4244: 'argument': conversion from 'double' to 'float', possible loss of data
C:\USR\ClanWin\SRC\clan\flucalc.cpp(1119,51): warning C4244: 'argument': conversion from 'double' to 'float', possible loss of data
C:\USR\ClanWin\SRC\clan\flucalc.cpp(1121,52): warning C4244: 'argument': conversion from 'double' to 'float', possible loss of data
C:\USR\ClanWin\SRC\clan\flucalc.cpp(1130,56): warning C4244: 'argument': conversion from 'double' to 'float', possible loss of data
C:\USR\ClanWin\SRC\clan\flucalc.cpp(1132,59): warning C4244: 'argument': conversion from 'double' to 'float', possible loss of data
C:\USR\ClanWin\SRC\clan\flucalc.cpp(1134,56): warning C4244: 'argument': conversion from 'double' to 'float', possible loss of data
C:\USR\ClanWin\SRC\clan\flucalc.cpp(1136,58): warning C4244: 'argument': conversion from 'double' to 'float', possible loss of data
C:\USR\ClanWin\SRC\clan\flucalc.cpp(1138,57): warning C4244: 'argument': conversion from 'double' to 'float', possible loss of data
C:\USR\ClanWin\SRC\clan\flucalc.cpp(1141,57): warning C4244: 'argument': conversion from 'double' to 'float', possible loss of data
C:\USR\ClanWin\SRC\clan\flucalc.cpp(1144,59): warning C4244: 'argument': conversion from 'double' to 'float', possible loss of data
C:\USR\ClanWin\SRC\clan\flucalc.cpp(1150,44): warning C4244: 'argument': conversion from 'double' to 'float', possible loss of data
C:\USR\ClanWin\SRC\clan\flucalc.cpp(1156,45): warning C4244: 'argument': conversion from 'double' to 'float', possible loss of data
C:\USR\ClanWin\SRC\clan\flucalc.cpp(1159,56): warning C4244: 'argument': conversion from 'double' to 'float', possible loss of data
C:\USR\ClanWin\SRC\clan\flucalc.cpp(1190,51): warning C4244: '=': conversion from 'double' to 'float', possible loss of data
C:\USR\ClanWin\SRC\clan\flucalc.cpp(1192,119): warning C4244: '=': conversion from 'double' to 'float', possible loss of data
C:\USR\ClanWin\SRC\clan\flucalc.cpp(1195,17): warning C4244: '=': conversion from 'double' to 'float', possible loss of data
C:\USR\ClanWin\SRC\clan\flucalc.cpp(1204,44): warning C4244: 'argument': conversion from 'double' to 'float', possible loss of data
C:\USR\ClanWin\SRC\clan\flucalc.cpp(1207,63): warning C4244: 'argument': conversion from 'double' to 'float', possible loss of data
C:\USR\ClanWin\SRC\clan\flucalc.cpp(1208,62): warning C4244: 'argument': conversion from 'double' to 'float', possible loss of data
C:\USR\ClanWin\SRC\clan\flucalc.cpp(1617,9): warning C4244: 'return': conversion from 'long' to 'float', possible loss of data
  flupos.cpp
C:\USR\ClanWin\SRC\clan\flupos.cpp(465,9): warning C4068: unknown pragma 'unused'
  Lena2Chat.cpp
C:\USR\ClanWin\SRC\clan\Lena2Chat.cpp(87,2): warning C4065: switch statement contains 'default' but no 'case' labels
  lexrare.cpp
C:\USR\ClanWin\SRC\clan\lexrare.cpp(535,59): warning C4244: 'argument': conversion from 'double' to 'float', possible loss of data
  medialine.cpp
  merge.cpp
C:\USR\ClanWin\SRC\clan\merge.cpp(54,2): warning C4065: switch statement contains 'default' but no 'case' labels
  mlumor.cpp
C:\USR\ClanWin\SRC\clan\mlumor.cpp(264,39): warning C4244: 'argument': conversion from 'double' to 'float', possible loss of data
  num2word.cpp
  PID.cpp
  Play2Chat.cpp
C:\USR\ClanWin\SRC\clan\Play2Chat.cpp(118,9): warning C4068: unknown pragma 'unused'
C:\USR\ClanWin\SRC\clan\Play2Chat.cpp(612,9): warning C4068: unknown pragma 'unused'
  anaalgo.cpp
  roles.cpp
  Generating Code...
  Compiling...
  rtf2chat.cpp
C:\USR\ClanWin\SRC\clan\rtf2chat.cpp(694,9): warning C4068: unknown pragma 'unused'
C:\USR\ClanWin\SRC\clan\rtf2chat.cpp(1016,9): warning C4068: unknown pragma 'unused'
  salt2chat.cpp
C:\USR\ClanWin\SRC\clan\salt2chat.cpp(2336,9): warning C4244: '=': conversion from 'double' to 'float', possible loss of data
C:\USR\ClanWin\SRC\clan\salt2chat.cpp(2344,24): warning C4244: '=': conversion from 'double' to 'float', possible loss of data
C:\USR\ClanWin\SRC\clan\salt2chat.cpp(2540,9): warning C4068: unknown pragma 'unused'
  segment.cpp
  Srt2Chat.cpp
  sugar.cpp
C:\USR\ClanWin\SRC\clan\sugar.cpp(108,9): warning C4068: unknown pragma 'unused'
  text2chat.cpp
  args.cpp
  Arules.cpp
  atom.cpp
C:\USR\ClanWin\src\Clan\post\atom.cpp(99,36): warning C4018: '<': signed/unsigned mismatch
C:\USR\ClanWin\src\Clan\post\atom.cpp(103,36): warning C4018: '<': signed/unsigned mismatch
  brillanx.cpp
C:\USR\ClanWin\SRC\CLAN\POST\brillanx.cpp(173,27): warning C4018: '>': signed/unsigned mismatch
  brilltagger.cpp
C:\USR\ClanWin\SRC\CLAN\POST\brilltagger.cpp(206,9): warning C4068: unknown pragma 'unused'
  wdsize.cpp
C:\USR\ClanWin\SRC\clan\wdsize.cpp(344,36): warning C4244: 'argument': conversion from 'double' to 'float', possible loss of data
C:\USR\ClanWin\SRC\clan\wdsize.cpp(576,30): warning C4018: '<': signed/unsigned mismatch
C:\USR\ClanWin\SRC\clan\wdsize.cpp(577,30): warning C4018: '>': signed/unsigned mismatch
C:\USR\ClanWin\SRC\clan\wdsize.cpp(586,31): warning C4018: '<': signed/unsigned mismatch
C:\USR\ClanWin\SRC\clan\wdsize.cpp(587,31): warning C4018: '>': signed/unsigned mismatch
  buildtree.cpp
  C_curses.cpp
C:\USR\ClanWin\src\Ced\C_curses.cpp(41,18): warning C4244: '=': conversion from 'LONG' to 'short', possible loss of data
C:\USR\ClanWin\src\Ced\C_curses.cpp(1537,9): warning C4101: 'j': unreferenced local variable
C:\USR\ClanWin\src\Ced\C_curses.cpp(1537,12): warning C4101: 'col': unreferenced local variable
C:\USR\ClanWin\src\Ced\C_curses.cpp(1536,7): warning C4101: 'cFlag': unreferenced local variable
C:\USR\ClanWin\src\Ced\C_curses.cpp(1731,33): warning C4244: '=': conversion from 'long' to 'unsigned short', possible loss of data
C:\USR\ClanWin\src\Ced\C_curses.cpp(1734,33): warning C4244: '=': conversion from 'long' to 'unsigned short', possible loss of data
C:\USR\ClanWin\src\Ced\C_curses.cpp(1737,33): warning C4244: '=': conversion from 'long' to 'unsigned short', possible loss of data
C:\USR\ClanWin\src\Ced\C_curses.cpp(1982,28): warning C4018: '<': signed/unsigned mismatch
  c_main.cpp
  ced.cpp
  ceddlgs.cpp
C:\USR\ClanWin\src\Win95\ceddlgs.cpp(131,6): warning C4101: 'len': unreferenced local variable
C:\USR\ClanWin\src\Win95\ceddlgs.cpp(1965,28): warning C4244: '=': conversion from 'long' to 'unsigned short', possible loss of data
C:\USR\ClanWin\src\Win95\ceddlgs.cpp(1968,30): warning C4244: '=': conversion from 'long' to 'unsigned short', possible loss of data
C:\USR\ClanWin\src\Win95\ceddlgs.cpp(1971,29): warning C4244: '=': conversion from 'long' to 'unsigned short', possible loss of data
C:\USR\ClanWin\src\Win95\ceddlgs.cpp(1997,30): warning C4244: '=': conversion from 'long' to 'unsigned short', possible loss of data
C:\USR\ClanWin\src\Win95\ceddlgs.cpp(2001,32): warning C4244: '=': conversion from 'long' to 'unsigned short', possible loss of data
C:\USR\ClanWin\src\Win95\ceddlgs.cpp(2005,31): warning C4244: '=': conversion from 'long' to 'unsigned short', possible loss of data
C:\USR\ClanWin\src\Win95\ceddlgs.cpp(2229,27): warning C4244: '=': conversion from 'long' to 'unsigned short', possible loss of data
C:\USR\ClanWin\src\Win95\ceddlgs.cpp(2232,29): warning C4244: '=': conversion from 'long' to 'unsigned short', possible loss of data
C:\USR\ClanWin\src\Win95\ceddlgs.cpp(2235,28): warning C4244: '=': conversion from 'long' to 'unsigned short', possible loss of data
  chains.cpp
  Chat2Elan.cpp
  Chat2Praat.cpp
  Generating Code...
  Compiling...
  check.cpp
C:\USR\ClanWin\src\Clan\check.cpp(1844,9): warning C4068: unknown pragma 'unused'
C:\USR\ClanWin\src\Clan\check.cpp(1944,9): warning C4068: unknown pragma 'unused'
C:\USR\ClanWin\src\Clan\check.cpp(1954,9): warning C4068: unknown pragma 'unused'
C:\USR\ClanWin\src\Clan\check.cpp(2493,9): warning C4068: unknown pragma 'unused'
C:\USR\ClanWin\src\Clan\check.cpp(2572,9): warning C4068: unknown pragma 'unused'
  check_in.cpp
C:\USR\ClanWin\src\Ced\check_in.cpp(1869,33): warning C4309: '=': truncation of constant value
C:\USR\ClanWin\src\Ced\check_in.cpp(1870,33): warning C4309: '=': truncation of constant value
C:\USR\ClanWin\src\Ced\check_in.cpp(1871,33): warning C4309: '=': truncation of constant value
C:\USR\ClanWin\src\Ced\check_in.cpp(1875,33): warning C4309: '=': truncation of constant value
C:\USR\ClanWin\src\Ced\check_in.cpp(1876,33): warning C4309: '=': truncation of constant value
C:\USR\ClanWin\src\Ced\check_in.cpp(1877,33): warning C4309: '=': truncation of constant value
C:\USR\ClanWin\src\Ced\check_in.cpp(1881,33): warning C4309: '=': truncation of constant value
C:\USR\ClanWin\src\Ced\check_in.cpp(1882,33): warning C4309: '=': truncation of constant value
C:\USR\ClanWin\src\Ced\check_in.cpp(1883,33): warning C4309: '=': truncation of constant value
C:\USR\ClanWin\src\Ced\check_in.cpp(1887,33): warning C4309: '=': truncation of constant value
C:\USR\ClanWin\src\Ced\check_in.cpp(1888,33): warning C4309: '=': truncation of constant value
C:\USR\ClanWin\src\Ced\check_in.cpp(1889,33): warning C4309: '=': truncation of constant value
C:\USR\ClanWin\src\Ced\check_in.cpp(1906,33): warning C4309: '=': truncation of constant value
C:\USR\ClanWin\src\Ced\check_in.cpp(1907,33): warning C4309: '=': truncation of constant value
C:\USR\ClanWin\src\Ced\check_in.cpp(1908,33): warning C4309: '=': truncation of constant value
C:\USR\ClanWin\src\Ced\check_in.cpp(1912,33): warning C4309: '=': truncation of constant value
C:\USR\ClanWin\src\Ced\check_in.cpp(1913,33): warning C4309: '=': truncation of constant value
C:\USR\ClanWin\src\Ced\check_in.cpp(1914,33): warning C4309: '=': truncation of constant value
C:\USR\ClanWin\src\Ced\check_in.cpp(1953,33): warning C4309: '=': truncation of constant value
C:\USR\ClanWin\src\Ced\check_in.cpp(1954,33): warning C4309: '=': truncation of constant value
C:\USR\ClanWin\src\Ced\check_in.cpp(1955,33): warning C4309: '=': truncation of constant value
C:\USR\ClanWin\src\Ced\check_in.cpp(6454,23): warning C4244: '=': conversion from 'wchar_t' to 'char', possible loss of data
  Chip.cpp
C:\USR\ClanWin\src\Clan\Chip.cpp(301,9): warning C4068: unknown pragma 'unused'
C:\USR\ClanWin\src\Clan\Chip.cpp(1367,19): warning C4244: '=': conversion from 'double' to 'int', possible loss of data
  Chip_utl.cpp
  chstring.cpp
C:\USR\ClanWin\SRC\clan\chstring.cpp(814,9): warning C4068: unknown pragma 'unused'
  cl_exec.cpp
  cl_io.cpp
  cl_search.cpp
  Clan2.cpp
  Clan2Doc.cpp
  Clan2View.cpp
  codes.cpp
  combo.cpp
C:\USR\ClanWin\src\Clan\combo.cpp(1476,9): warning C4068: unknown pragma 'unused'
  COMBTIER.CPP
  compound.cpp
C:\USR\ClanWin\SRC\CLAN\POST\compound.cpp(34,9): warning C4068: unknown pragma 'unused'
C:\USR\ClanWin\SRC\CLAN\POST\compound.cpp(37,9): warning C4068: unknown pragma 'unused'
  compoundlib.cpp
  contextrl.cpp
C:\USR\ClanWin\SRC\CLAN\POST\contextrl.cpp(176,28): warning C4018: '<': signed/unsigned mismatch
C:\USR\ClanWin\SRC\CLAN\POST\contextrl.cpp(218,28): warning C4018: '<': signed/unsigned mismatch
C:\USR\ClanWin\SRC\CLAN\POST\contextrl.cpp(318,21): warning C4018: '<': signed/unsigned mismatch
C:\USR\ClanWin\SRC\CLAN\POST\contextrl.cpp(324,21): warning C4018: '<': signed/unsigned mismatch
C:\USR\ClanWin\SRC\CLAN\POST\contextrl.cpp(352,21): warning C4018: '<': signed/unsigned mismatch
C:\USR\ClanWin\SRC\CLAN\POST\contextrl.cpp(738,21): warning C4018: '<': signed/unsigned mismatch
  Cooccur.cpp
  Cp2UTF8.cpp
C:\USR\ClanWin\SRC\clan\Cp2UTF8.cpp(606,22): warning C4309: '=': truncation of constant value
C:\USR\ClanWin\SRC\clan\Cp2UTF8.cpp(607,24): warning C4309: '=': truncation of constant value
C:\USR\ClanWin\SRC\clan\Cp2UTF8.cpp(608,24): warning C4309: '=': truncation of constant value
C:\USR\ClanWin\SRC\clan\Cp2UTF8.cpp(611,22): warning C4309: '=': truncation of constant value
C:\USR\ClanWin\SRC\clan\Cp2UTF8.cpp(612,24): warning C4309: '=': truncation of constant value
C:\USR\ClanWin\SRC\clan\Cp2UTF8.cpp(613,24): warning C4309: '=': truncation of constant value
C:\USR\ClanWin\SRC\clan\Cp2UTF8.cpp(616,22): warning C4309: '=': truncation of constant value
C:\USR\ClanWin\SRC\clan\Cp2UTF8.cpp(617,24): warning C4309: '=': truncation of constant value
C:\USR\ClanWin\SRC\clan\Cp2UTF8.cpp(620,22): warning C4309: '=': truncation of constant value
C:\USR\ClanWin\SRC\clan\Cp2UTF8.cpp(621,24): warning C4309: '=': truncation of constant value
C:\USR\ClanWin\SRC\clan\Cp2UTF8.cpp(622,24): warning C4309: '=': truncation of constant value
C:\USR\ClanWin\SRC\clan\Cp2UTF8.cpp(625,22): warning C4309: '=': truncation of constant value
C:\USR\ClanWin\SRC\clan\Cp2UTF8.cpp(626,24): warning C4309: '=': truncation of constant value
C:\USR\ClanWin\SRC\clan\Cp2UTF8.cpp(627,24): warning C4309: '=': truncation of constant value
C:\USR\ClanWin\SRC\clan\Cp2UTF8.cpp(630,22): warning C4309: '=': truncation of constant value
C:\USR\ClanWin\SRC\clan\Cp2UTF8.cpp(631,24): warning C4309: '=': truncation of constant value
C:\USR\ClanWin\SRC\clan\Cp2UTF8.cpp(632,24): warning C4309: '=': truncation of constant value
C:\USR\ClanWin\SRC\clan\Cp2UTF8.cpp(635,22): warning C4309: '=': truncation of constant value
C:\USR\ClanWin\SRC\clan\Cp2UTF8.cpp(636,24): warning C4309: '=': truncation of constant value
C:\USR\ClanWin\SRC\clan\Cp2UTF8.cpp(637,24): warning C4309: '=': truncation of constant value
C:\USR\ClanWin\SRC\clan\Cp2UTF8.cpp(642,22): warning C4309: '=': truncation of constant value
C:\USR\ClanWin\SRC\clan\Cp2UTF8.cpp(643,24): warning C4309: '=': truncation of constant value
C:\USR\ClanWin\SRC\clan\Cp2UTF8.cpp(644,24): warning C4309: '=': truncation of constant value
C:\USR\ClanWin\SRC\clan\Cp2UTF8.cpp(647,22): warning C4309: '=': truncation of constant value
C:\USR\ClanWin\SRC\clan\Cp2UTF8.cpp(648,24): warning C4309: '=': truncation of constant value
C:\USR\ClanWin\SRC\clan\Cp2UTF8.cpp(649,24): warning C4309: '=': truncation of constant value
C:\USR\ClanWin\SRC\clan\Cp2UTF8.cpp(652,22): warning C4309: '=': truncation of constant value
C:\USR\ClanWin\SRC\clan\Cp2UTF8.cpp(653,24): warning C4309: '=': truncation of constant value
C:\USR\ClanWin\SRC\clan\Cp2UTF8.cpp(656,22): warning C4309: '=': truncation of constant value
C:\USR\ClanWin\SRC\clan\Cp2UTF8.cpp(657,24): warning C4309: '=': truncation of constant value
C:\USR\ClanWin\SRC\clan\Cp2UTF8.cpp(658,24): warning C4309: '=': truncation of constant value
C:\USR\ClanWin\SRC\clan\Cp2UTF8.cpp(661,22): warning C4309: '=': truncation of constant value
C:\USR\ClanWin\SRC\clan\Cp2UTF8.cpp(662,24): warning C4309: '=': truncation of constant value
C:\USR\ClanWin\SRC\clan\Cp2UTF8.cpp(663,24): warning C4309: '=': truncation of constant value
C:\USR\ClanWin\SRC\clan\Cp2UTF8.cpp(666,22): warning C4309: '=': truncation of constant value
C:\USR\ClanWin\SRC\clan\Cp2UTF8.cpp(667,24): warning C4309: '=': truncation of constant value
C:\USR\ClanWin\SRC\clan\Cp2UTF8.cpp(668,24): warning C4309: '=': truncation of constant value
C:\USR\ClanWin\SRC\clan\Cp2UTF8.cpp(671,22): warning C4309: '=': truncation of constant value
C:\USR\ClanWin\SRC\clan\Cp2UTF8.cpp(672,24): warning C4309: '=': truncation of constant value
C:\USR\ClanWin\SRC\clan\Cp2UTF8.cpp(673,24): warning C4309: '=': truncation of constant value
C:\USR\ClanWin\SRC\clan\Cp2UTF8.cpp(1577,17): warning C4244: '=': conversion from 'long' to 'short', possible loss of data
C:\USR\ClanWin\SRC\clan\Cp2UTF8.cpp(1735,9): warning C4309: 'argument': truncation of constant value
C:\USR\ClanWin\SRC\clan\Cp2UTF8.cpp(1736,9): warning C4309: 'argument': truncation of constant value
C:\USR\ClanWin\SRC\clan\Cp2UTF8.cpp(1737,9): warning C4309: 'argument': truncation of constant value
C:\USR\ClanWin\SRC\clan\Cp2UTF8.cpp(1778,10): warning C4309: 'argument': truncation of constant value
C:\USR\ClanWin\SRC\clan\Cp2UTF8.cpp(1779,10): warning C4309: 'argument': truncation of constant value
C:\USR\ClanWin\SRC\clan\Cp2UTF8.cpp(1780,10): warning C4309: 'argument': truncation of constant value
  Crules.cpp
C:\USR\ClanWin\src\Clan\Mor\Crules.cpp(218,27): warning C4309: '=': truncation of constant value
C:\USR\ClanWin\src\Clan\Mor\Crules.cpp(219,27): warning C4309: '=': truncation of constant value
C:\USR\ClanWin\src\Clan\Mor\Crules.cpp(220,27): warning C4309: '=': truncation of constant value
C:\USR\ClanWin\src\Clan\Mor\Crules.cpp(801,16): warning C4309: '=': truncation of constant value
C:\USR\ClanWin\src\Clan\Mor\Crules.cpp(802,16): warning C4309: '=': truncation of constant value
C:\USR\ClanWin\src\Clan\Mor\Crules.cpp(803,16): warning C4309: '=': truncation of constant value
  Generating Code...
  Compiling...
  cursor.cpp
  cutt-xml.cpp
  cutt.cpp
C:\USR\ClanWin\src\Clan\cutt.cpp(1202,19): warning C4309: '=': truncation of constant value
C:\USR\ClanWin\src\Clan\cutt.cpp(1203,19): warning C4309: '=': truncation of constant value
C:\USR\ClanWin\src\Clan\cutt.cpp(1204,19): warning C4309: '=': truncation of constant value
C:\USR\ClanWin\src\Clan\cutt.cpp(3425,9): warning C4068: unknown pragma 'unused'
C:\USR\ClanWin\src\Clan\cutt.cpp(6333,9): warning C4068: unknown pragma 'unused'
C:\USR\ClanWin\src\Clan\cutt.cpp(7326,9): warning C4068: unknown pragma 'unused'
C:\USR\ClanWin\src\Clan\cutt.cpp(9359,9): warning C4068: unknown pragma 'unused'
C:\USR\ClanWin\src\Clan\cutt.cpp(9984,10): warning C4244: '=': conversion from 'double' to 'float', possible loss of data
C:\USR\ClanWin\src\Clan\cutt.cpp(9989,11): warning C4244: '=': conversion from 'double' to 'float', possible loss of data
C:\USR\ClanWin\src\Clan\cutt.cpp(9994,12): warning C4244: '=': conversion from 'double' to 'float', possible loss of data
C:\USR\ClanWin\src\Clan\cutt.cpp(10001,42): warning C4244: '=': conversion from 'double' to 'float', possible loss of data
C:\USR\ClanWin\src\Clan\cutt.cpp(10003,11): warning C4244: '=': conversion from 'double' to 'float', possible loss of data
C:\USR\ClanWin\src\Clan\cutt.cpp(10008,12): warning C4244: '=': conversion from 'double' to 'float', possible loss of data
C:\USR\ClanWin\src\Clan\cutt.cpp(10013,13): warning C4244: '=': conversion from 'double' to 'float', possible loss of data
C:\USR\ClanWin\src\Clan\cutt.cpp(10020,43): warning C4244: '=': conversion from 'double' to 'float', possible loss of data
C:\USR\ClanWin\src\Clan\cutt.cpp(10037,12): warning C4244: '=': conversion from 'double' to 'float', possible loss of data
C:\USR\ClanWin\src\Clan\cutt.cpp(10039,12): warning C4244: '=': conversion from 'double' to 'float', possible loss of data
C:\USR\ClanWin\src\Clan\cutt.cpp(10041,12): warning C4244: '=': conversion from 'double' to 'float', possible loss of data
C:\USR\ClanWin\src\Clan\cutt.cpp(10044,10): warning C4244: '=': conversion from 'double' to 'float', possible loss of data
C:\USR\ClanWin\src\Clan\cutt.cpp(10049,11): warning C4244: '=': conversion from 'double' to 'float', possible loss of data
C:\USR\ClanWin\src\Clan\cutt.cpp(10054,12): warning C4244: '=': conversion from 'double' to 'float', possible loss of data
C:\USR\ClanWin\src\Clan\cutt.cpp(10065,46): warning C4244: '=': conversion from 'double' to 'float', possible loss of data
C:\USR\ClanWin\src\Clan\cutt.cpp(10079,6): warning C4244: '=': conversion from 'float' to 'int', possible loss of data
C:\USR\ClanWin\src\Clan\cutt.cpp(10082,11): warning C4244: '=': conversion from 'double' to 'float', possible loss of data
C:\USR\ClanWin\src\Clan\cutt.cpp(10083,7): warning C4244: '=': conversion from 'float' to 'int', possible loss of data
C:\USR\ClanWin\src\Clan\cutt.cpp(10084,8): warning C4244: '=': conversion from 'int' to 'float', possible loss of data
C:\USR\ClanWin\src\Clan\cutt.cpp(10086,9): warning C4244: '=': conversion from 'double' to 'float', possible loss of data
C:\USR\ClanWin\src\Clan\cutt.cpp(10087,6): warning C4244: '=': conversion from 'float' to 'int', possible loss of data
C:\USR\ClanWin\src\Clan\cutt.cpp(10088,6): warning C4244: '=': conversion from 'int' to 'float', possible loss of data
C:\USR\ClanWin\src\Clan\cutt.cpp(10089,10): warning C4244: '=': conversion from 'double' to 'float', possible loss of data
C:\USR\ClanWin\src\Clan\cutt.cpp(10091,6): warning C4244: '=': conversion from 'float' to 'int', possible loss of data
C:\USR\ClanWin\src\Clan\cutt.cpp(10092,6): warning C4244: '=': conversion from 'int' to 'float', possible loss of data
C:\USR\ClanWin\src\Clan\cutt.cpp(10093,10): warning C4244: '=': conversion from 'double' to 'float', possible loss of data
C:\USR\ClanWin\src\Clan\cutt.cpp(10094,6): warning C4244: '=': conversion from 'float' to 'int', possible loss of data
C:\USR\ClanWin\src\Clan\cutt.cpp(10095,6): warning C4244: '=': conversion from 'int' to 'float', possible loss of data
C:\USR\ClanWin\src\Clan\cutt.cpp(11864,7): warning C4101: 'res': unreferenced local variable
  database.cpp
  DataCleanUp.cpp
  dates.cpp
  dcompute.cpp
  delete.cpp
  Delim.cpp
  Dist.cpp
  Dos2Unix.cpp
C:\USR\ClanWin\SRC\clan\Dos2Unix.cpp(63,2): warning C4065: switch statement contains 'default' but no 'case' labels
  Drules.cpp
C:\USR\ClanWin\src\Clan\Mor\Drules.cpp(154,27): warning C4309: '=': truncation of constant value
C:\USR\ClanWin\src\Clan\Mor\Drules.cpp(155,27): warning C4309: '=': truncation of constant value
C:\USR\ClanWin\src\Clan\Mor\Drules.cpp(156,27): warning C4309: '=': truncation of constant value
  dss.cpp
C:\USR\ClanWin\src\Clan\dss.cpp(384,9): warning C4068: unknown pragma 'unused'
C:\USR\ClanWin\src\Clan\dss.cpp(400,9): warning C4068: unknown pragma 'unused'
C:\USR\ClanWin\src\Clan\dss.cpp(1085,9): warning C4068: unknown pragma 'unused'
C:\USR\ClanWin\src\Clan\dss.cpp(1884,15): warning C4244: '=': conversion from 'int' to 'float', possible loss of data
C:\USR\ClanWin\src\Clan\dss.cpp(1887,51): warning C4244: '=': conversion from 'float' to 'int', possible loss of data
  Elan2Chat.cpp
  eval.cpp
C:\USR\ClanWin\SRC\clan\eval.cpp(958,9): warning C4244: 'return': conversion from 'long' to 'float', possible loss of data
C:\USR\ClanWin\SRC\clan\eval.cpp(1694,12): warning C4244: '=': conversion from 'double' to 'float', possible loss of data
C:\USR\ClanWin\SRC\clan\eval.cpp(1975,24): warning C4244: '=': conversion from 'double' to 'float', possible loss of data
C:\USR\ClanWin\SRC\clan\eval.cpp(2060,44): warning C4244: '=': conversion from 'double' to 'float', possible loss of data
C:\USR\ClanWin\SRC\clan\eval.cpp(2094,41): warning C4244: '=': conversion from 'double' to 'float', possible loss of data
C:\USR\ClanWin\SRC\clan\eval.cpp(2106,33): warning C4244: '=': conversion from 'double' to 'float', possible loss of data
C:\USR\ClanWin\SRC\clan\eval.cpp(2118,41): warning C4244: '=': conversion from 'double' to 'float', possible loss of data
C:\USR\ClanWin\SRC\clan\eval.cpp(2130,39): warning C4244: '=': conversion from 'double' to 'float', possible loss of data
C:\USR\ClanWin\SRC\clan\eval.cpp(2142,39): warning C4244: '=': conversion from 'double' to 'float', possible loss of data
C:\USR\ClanWin\SRC\clan\eval.cpp(2154,37): warning C4244: '=': conversion from 'double' to 'float', possible loss of data
C:\USR\ClanWin\SRC\clan\eval.cpp(2166,39): warning C4244: '=': conversion from 'double' to 'float', possible loss of data
C:\USR\ClanWin\SRC\clan\eval.cpp(2178,37): warning C4244: '=': conversion from 'double' to 'float', possible loss of data
C:\USR\ClanWin\SRC\clan\eval.cpp(2190,39): warning C4244: '=': conversion from 'double' to 'float', possible loss of data
C:\USR\ClanWin\SRC\clan\eval.cpp(2202,39): warning C4244: '=': conversion from 'double' to 'float', possible loss of data
C:\USR\ClanWin\SRC\clan\eval.cpp(2214,41): warning C4244: '=': conversion from 'double' to 'float', possible loss of data
C:\USR\ClanWin\SRC\clan\eval.cpp(2226,39): warning C4244: '=': conversion from 'double' to 'float', possible loss of data
C:\USR\ClanWin\SRC\clan\eval.cpp(2238,39): warning C4244: '=': conversion from 'double' to 'float', possible loss of data
C:\USR\ClanWin\SRC\clan\eval.cpp(2250,41): warning C4244: '=': conversion from 'double' to 'float', possible loss of data
C:\USR\ClanWin\SRC\clan\eval.cpp(2262,39): warning C4244: '=': conversion from 'double' to 'float', possible loss of data
C:\USR\ClanWin\SRC\clan\eval.cpp(2274,41): warning C4244: '=': conversion from 'double' to 'float', possible loss of data
C:\USR\ClanWin\SRC\clan\eval.cpp(2379,25): warning C4244: '=': conversion from 'double' to 'float', possible loss of data
C:\USR\ClanWin\SRC\clan\eval.cpp(2380,13): warning C4244: '=': conversion from 'float' to 'int', possible loss of data
C:\USR\ClanWin\SRC\clan\eval.cpp(2437,19): warning C4244: '=': conversion from 'double' to 'float', possible loss of data
C:\USR\ClanWin\SRC\clan\eval.cpp(2578,45): warning C4244: 'argument': conversion from 'double' to 'float', possible loss of data
C:\USR\ClanWin\SRC\clan\eval.cpp(2587,39): warning C4244: '=': conversion from 'double' to 'float', possible loss of data
C:\USR\ClanWin\SRC\clan\eval.cpp(2606,31): warning C4244: '=': conversion from 'double' to 'float', possible loss of data
C:\USR\ClanWin\SRC\clan\eval.cpp(2614,35): warning C4244: '=': conversion from 'double' to 'float', possible loss of data
C:\USR\ClanWin\SRC\clan\eval.cpp(2615,37): warning C4244: '=': conversion from 'double' to 'float', possible loss of data
C:\USR\ClanWin\SRC\clan\eval.cpp(2616,35): warning C4244: '=': conversion from 'double' to 'float', possible loss of data
C:\USR\ClanWin\SRC\clan\eval.cpp(2617,37): warning C4244: '=': conversion from 'double' to 'float', possible loss of data
C:\USR\ClanWin\SRC\clan\eval.cpp(2618,37): warning C4244: '=': conversion from 'double' to 'float', possible loss of data
C:\USR\ClanWin\SRC\clan\eval.cpp(2632,39): warning C4244: '=': conversion from 'double' to 'float', possible loss of data
C:\USR\ClanWin\SRC\clan\eval.cpp(2633,39): warning C4244: '=': conversion from 'double' to 'float', possible loss of data
C:\USR\ClanWin\SRC\clan\eval.cpp(2634,37): warning C4244: '=': conversion from 'double' to 'float', possible loss of data
C:\USR\ClanWin\SRC\clan\eval.cpp(2635,37): warning C4244: '=': conversion from 'double' to 'float', possible loss of data
C:\USR\ClanWin\SRC\clan\eval.cpp(2636,39): warning C4244: '=': conversion from 'double' to 'float', possible loss of data
C:\USR\ClanWin\SRC\clan\eval.cpp(2637,37): warning C4244: '=': conversion from 'double' to 'float', possible loss of data
C:\USR\ClanWin\SRC\clan\eval.cpp(2638,37): warning C4244: '=': conversion from 'double' to 'float', possible loss of data
C:\USR\ClanWin\SRC\clan\eval.cpp(2639,39): warning C4244: '=': conversion from 'double' to 'float', possible loss of data
C:\USR\ClanWin\SRC\clan\eval.cpp(2640,37): warning C4244: '=': conversion from 'double' to 'float', possible loss of data
C:\USR\ClanWin\SRC\clan\eval.cpp(2641,39): warning C4244: '=': conversion from 'double' to 'float', possible loss of data
C:\USR\ClanWin\SRC\clan\eval.cpp(2708,16): warning C4244: '=': conversion from 'double' to 'float', possible loss of data
  filter.cpp
C:\USR\ClanWin\src\Clan\vocd\filter.cpp(35,9): warning C4068: unknown pragma 'unused'
C:\USR\ClanWin\src\Clan\vocd\filter.cpp(633,9): warning C4068: unknown pragma 'unused'
  FixBullets.cpp
  Fixit.cpp
C:\USR\ClanWin\SRC\clan\Fixit.cpp(180,9): warning C4068: unknown pragma 'unused'
C:\USR\ClanWin\SRC\clan\Fixit.cpp(896,2): warning C4065: switch statement contains 'default' but no 'case' labels
  fixMP3sBullets.cpp
C:\USR\ClanWin\SRC\clan\fixMP3sBullets.cpp(225,2): warning C4065: switch statement contains 'default' but no 'case' labels
  Flo.cpp
  Generating Code...
  Compiling...
  fontconvert.cpp
C:\USR\ClanWin\SRC\CLAN\fontconvert.cpp(165,9): warning C4068: unknown pragma 'unused'
C:\USR\ClanWin\SRC\CLAN\fontconvert.cpp(345,9): warning C4068: unknown pragma 'unused'
C:\USR\ClanWin\SRC\CLAN\fontconvert.cpp(697,28): warning C4309: '=': truncation of constant value
C:\USR\ClanWin\SRC\CLAN\fontconvert.cpp(699,28): warning C4309: '=': truncation of constant value
C:\USR\ClanWin\SRC\CLAN\fontconvert.cpp(700,28): warning C4309: '=': truncation of constant value
C:\USR\ClanWin\SRC\CLAN\fontconvert.cpp(701,28): warning C4309: '=': truncation of constant value
C:\USR\ClanWin\SRC\CLAN\fontconvert.cpp(702,28): warning C4309: '=': truncation of constant value
  freq.cpp
C:\USR\ClanWin\src\Clan\freq.cpp(2404,14): warning C4244: '=': conversion from 'double' to 'float', possible loss of data
C:\USR\ClanWin\src\Clan\freq.cpp(2701,30): warning C4244: 'argument': conversion from 'int' to 'float', possible loss of data
  Freqpos.cpp
  FStructViewer.cpp
C:\USR\ClanWin\SRC\Win95\FStructViewer.cpp(185,39): warning C4477: 'sprintf' : format string '%s' requires an argument of type 'char *', but variadic argument 2 has type 'CString'
  g711.cpp
  Gem.cpp
  Gemfreq.cpp
  Gemlist.cpp
  Globals.cpp
  gps.cpp
C:\USR\ClanWin\SRC\clan\gps.cpp(103,13): warning C4244: '=': conversion from 'double' to 'int', possible loss of data
C:\USR\ClanWin\SRC\clan\gps.cpp(117,14): warning C4244: '=': conversion from 'double' to 'int', possible loss of data
C:\USR\ClanWin\SRC\clan\gps.cpp(120,13): warning C4244: '=': conversion from 'double' to 'int', possible loss of data
C:\USR\ClanWin\SRC\clan\gps.cpp(123,13): warning C4244: '=': conversion from 'double' to 'int', possible loss of data
C:\USR\ClanWin\SRC\clan\gps.cpp(315,15): warning C4244: '=': conversion from 'double' to 'int', possible loss of data
C:\USR\ClanWin\SRC\clan\gps.cpp(318,14): warning C4244: '=': conversion from 'double' to 'int', possible loss of data
C:\USR\ClanWin\SRC\clan\gps.cpp(321,14): warning C4244: '=': conversion from 'double' to 'int', possible loss of data
C:\USR\ClanWin\SRC\clan\gps.cpp(347,15): warning C4244: '=': conversion from 'double' to 'int', possible loss of data
C:\USR\ClanWin\SRC\clan\gps.cpp(350,14): warning C4244: '=': conversion from 'double' to 'int', possible loss of data
C:\USR\ClanWin\SRC\clan\gps.cpp(353,14): warning C4244: '=': conversion from 'double' to 'int', possible loss of data
C:\USR\ClanWin\SRC\clan\gps.cpp(494,14): warning C4244: '=': conversion from 'double' to 'int', possible loss of data
C:\USR\ClanWin\SRC\clan\gps.cpp(497,13): warning C4244: '=': conversion from 'double' to 'int', possible loss of data
C:\USR\ClanWin\SRC\clan\gps.cpp(500,13): warning C4244: '=': conversion from 'double' to 'int', possible loss of data
C:\USR\ClanWin\SRC\clan\gps.cpp(520,14): warning C4244: '=': conversion from 'double' to 'int', possible loss of data
C:\USR\ClanWin\SRC\clan\gps.cpp(523,13): warning C4244: '=': conversion from 'double' to 'int', possible loss of data
C:\USR\ClanWin\SRC\clan\gps.cpp(526,13): warning C4244: '=': conversion from 'double' to 'int', possible loss of data
  hashbsc.cpp
C:\USR\ClanWin\src\Clan\post\hashbsc.cpp(33,9): warning C4068: unknown pragma 'unused'
C:\USR\ClanWin\src\Clan\post\hashbsc.cpp(59,9): warning C4068: unknown pragma 'unused'
  hashc.cpp
  ids.cpp
C:\USR\ClanWin\SRC\ced\ids.cpp(543,36): warning C4805: '==': unsafe mix of type 'Boolean' and type 'bool' in operation
C:\USR\ClanWin\SRC\ced\ids.cpp(549,36): warning C4805: '==': unsafe mix of type 'Boolean' and type 'bool' in operation
  indent.cpp
C:\USR\ClanWin\SRC\clan\indent.cpp(175,2): warning C4065: switch statement contains 'default' but no 'case' labels
  input.cpp
C:\USR\ClanWin\src\Clan\post\input.cpp(380,9): warning C4068: unknown pragma 'unused'
C:\USR\ClanWin\src\Clan\post\input.cpp(501,9): warning C4068: unknown pragma 'unused'
  ipsyn.cpp
C:\USR\ClanWin\SRC\clan\ipsyn.cpp(1718,37): warning C4244: 'argument': conversion from 'int' to 'float', possible loss of data
C:\USR\ClanWin\SRC\clan\ipsyn.cpp(1720,32): warning C4244: 'argument': conversion from 'int' to 'float', possible loss of data
  Key.cpp
C:\USR\ClanWin\src\Ced\Key.cpp(1553,13): warning C4018: '<': signed/unsigned mismatch
C:\USR\ClanWin\src\Ced\Key.cpp(1562,35): warning C4018: '<': signed/unsigned mismatch
  Keymap.cpp
  kideval.cpp
C:\USR\ClanWin\SRC\clan\kideval.cpp(1381,9): warning C4244: 'return': conversion from 'long' to 'float', possible loss of data
C:\USR\ClanWin\SRC\clan\kideval.cpp(1458,26): warning C4244: '=': conversion from 'double' to 'float', possible loss of data
C:\USR\ClanWin\SRC\clan\kideval.cpp(1602,77): warning C4244: '=': conversion from 'double' to 'float', possible loss of data
C:\USR\ClanWin\SRC\clan\kideval.cpp(1632,77): warning C4244: '=': conversion from 'double' to 'float', possible loss of data
C:\USR\ClanWin\SRC\clan\kideval.cpp(2109,12): warning C4244: '=': conversion from 'double' to 'float', possible loss of data
C:\USR\ClanWin\SRC\clan\kideval.cpp(2547,45): warning C4244: '=': conversion from 'double' to 'float', possible loss of data
C:\USR\ClanWin\SRC\clan\kideval.cpp(2729,19): warning C4244: '=': conversion from 'double' to 'float', possible loss of data
C:\USR\ClanWin\SRC\clan\kideval.cpp(2760,19): warning C4244: '=': conversion from 'double' to 'float', possible loss of data
C:\USR\ClanWin\SRC\clan\kideval.cpp(2806,20): warning C4244: '=': conversion from 'double' to 'float', possible loss of data
C:\USR\ClanWin\SRC\clan\kideval.cpp(2807,26): warning C4244: '=': conversion from 'double' to 'float', possible loss of data
C:\USR\ClanWin\SRC\clan\kideval.cpp(3007,42): warning C4244: '=': conversion from 'double' to 'float', possible loss of data
C:\USR\ClanWin\SRC\clan\kideval.cpp(3075,54): warning C4244: 'argument': conversion from 'double' to 'float', possible loss of data
C:\USR\ClanWin\SRC\clan\kideval.cpp(3605,26): warning C4244: '=': conversion from 'double' to 'float', possible loss of data
C:\USR\ClanWin\SRC\clan\kideval.cpp(3610,24): warning C4244: '=': conversion from 'double' to 'float', possible loss of data
C:\USR\ClanWin\SRC\clan\kideval.cpp(3619,26): warning C4244: '=': conversion from 'double' to 'float', possible loss of data
C:\USR\ClanWin\SRC\clan\kideval.cpp(3622,24): warning C4244: '=': conversion from 'double' to 'float', possible loss of data
C:\USR\ClanWin\SRC\clan\kideval.cpp(3789,34): warning C4244: '=': conversion from 'double' to 'float', possible loss of data
C:\USR\ClanWin\SRC\clan\kideval.cpp(5131,8): warning C4244: 'argument': conversion from 'time_t' to 'unsigned int', possible loss of data
  Kwal.cpp
  Generating Code...
  Compiling...
  lab2chat.cpp
  Lex-trie.cpp
C:\USR\ClanWin\src\Clan\Mor\Lex-trie.cpp(376,9): warning C4068: unknown pragma 'unused'
C:\USR\ClanWin\src\Clan\Mor\Lex-trie.cpp(399,9): warning C4068: unknown pragma 'unused'
  lines.cpp
  lippUTF2Chat.cpp
  Longtier.cpp
C:\USR\ClanWin\SRC\clan\Longtier.cpp(90,2): warning C4065: switch statement contains 'default' but no 'case' labels
  Lowcase.cpp
  MainFrm.cpp
  makemod.cpp
  Maxwd.cpp
C:\USR\ClanWin\src\Clan\Maxwd.cpp(624,21): warning C4244: '=': conversion from 'float' to 'int', possible loss of data
  megrasp.cpp
C:\USR\ClanWin\SRC\clan\megrasp\maxent.h(107,25): warning C4018: '<': signed/unsigned mismatch
  (compiling source file 'SRC/clan/megrasp/megrasp.cpp')
  
C:\USR\ClanWin\SRC\clan\megrasp\maxent.h(108,15): warning C4018: '>=': signed/unsigned mismatch
  (compiling source file 'SRC/clan/megrasp/megrasp.cpp')
  
C:\USR\ClanWin\SRC\clan\megrasp\megrasp.cpp(249,16): warning C4018: '<': signed/unsigned mismatch
C:\USR\ClanWin\SRC\clan\megrasp\megrasp.cpp(306,16): warning C4018: '<': signed/unsigned mismatch
C:\USR\ClanWin\SRC\clan\megrasp\megrasp.cpp(330,8): warning C4018: '>': signed/unsigned mismatch
C:\USR\ClanWin\SRC\clan\megrasp\megrasp.cpp(481,20): warning C4018: '<': signed/unsigned mismatch
C:\USR\ClanWin\SRC\clan\megrasp\megrasp.cpp(512,20): warning C4018: '<': signed/unsigned mismatch
C:\USR\ClanWin\SRC\clan\megrasp\megrasp.cpp(523,20): warning C4018: '<': signed/unsigned mismatch
C:\USR\ClanWin\SRC\clan\megrasp\megrasp.cpp(741,21): warning C4018: '<': signed/unsigned mismatch
C:\USR\ClanWin\SRC\clan\megrasp\megrasp.cpp(770,20): warning C4018: '<': signed/unsigned mismatch
C:\USR\ClanWin\SRC\clan\megrasp\megrasp.cpp(774,20): warning C4018: '<': signed/unsigned mismatch
C:\USR\ClanWin\SRC\clan\megrasp\megrasp.cpp(1015,18): warning C4018: '>=': signed/unsigned mismatch
C:\USR\ClanWin\SRC\clan\megrasp\megrasp.cpp(1062,25): warning C4018: '<': signed/unsigned mismatch
C:\USR\ClanWin\SRC\clan\megrasp\megrasp.cpp(1073,25): warning C4018: '<': signed/unsigned mismatch
C:\USR\ClanWin\SRC\clan\megrasp\megrasp.cpp(1274,15): warning C4244: '=': conversion from 'double' to 'float', possible loss of data
  mllib.cpp
  Mlt.cpp
C:\USR\ClanWin\src\Clan\Mlt.cpp(298,39): warning C4244: 'argument': conversion from 'double' to 'float', possible loss of data
  mlu.cpp
C:\USR\ClanWin\src\Clan\mlu.cpp(303,39): warning C4244: 'argument': conversion from 'double' to 'float', possible loss of data
C:\USR\ClanWin\src\Clan\mlu.cpp(576,19): warning C4244: '=': conversion from 'double' to 'float', possible loss of data
C:\USR\ClanWin\src\Clan\mlu.cpp(577,29): warning C4244: '=': conversion from 'double' to 'float', possible loss of data
  Modrep.cpp
C:\USR\ClanWin\src\Clan\Modrep.cpp(787,9): warning C4068: unknown pragma 'unused'
  Mor.cpp
C:\USR\ClanWin\src\Clan\Mor\Mor.cpp(850,18): warning C4309: '=': truncation of constant value
C:\USR\ClanWin\src\Clan\Mor\Mor.cpp(851,18): warning C4309: '=': truncation of constant value
C:\USR\ClanWin\src\Clan\Mor\Mor.cpp(852,18): warning C4309: '=': truncation of constant value
C:\USR\ClanWin\src\Clan\Mor\Mor.cpp(919,16): warning C4309: '=': truncation of constant value
C:\USR\ClanWin\src\Clan\Mor\Mor.cpp(920,16): warning C4309: '=': truncation of constant value
C:\USR\ClanWin\src\Clan\Mor\Mor.cpp(921,16): warning C4309: '=': truncation of constant value
C:\USR\ClanWin\src\Clan\Mor\Mor.cpp(2099,9): warning C4068: unknown pragma 'unused'
C:\USR\ClanWin\src\Clan\Mor\Mor.cpp(2662,20): warning C4309: '=': truncation of constant value
C:\USR\ClanWin\src\Clan\Mor\Mor.cpp(2663,20): warning C4309: '=': truncation of constant value
C:\USR\ClanWin\src\Clan\Mor\Mor.cpp(2664,20): warning C4309: '=': truncation of constant value
  Morlib.cpp
C:\USR\ClanWin\src\Clan\Mor\Morlib.cpp(55,9): warning C4068: unknown pragma 'unused'
C:\USR\ClanWin\src\Clan\Mor\Morlib.cpp(2143,9): warning C4068: unknown pragma 'unused'
  mortable.cpp
C:\USR\ClanWin\SRC\clan\mortable.cpp(475,48): warning C4244: 'argument': conversion from 'double' to 'float', possible loss of data
  mortags.cpp
C:\USR\ClanWin\src\Clan\post\mortags.cpp(157,24): warning C4018: '>=': signed/unsigned mismatch
C:\USR\ClanWin\src\Clan\post\mortags.cpp(562,24): warning C4018: '>=': signed/unsigned mismatch
C:\USR\ClanWin\src\Clan\post\mortags.cpp(1572,22): warning C4018: '<': signed/unsigned mismatch
  msg.cpp
  Mpeg.cpp
  Generating Code...
  Compiling...
  MpegDlg.cpp
C:\USR\ClanWin\SRC\Win95\MpegDlg.cpp(389,25): warning C4244: '=': conversion from 'double' to 'LONG', possible loss of data
C:\USR\ClanWin\SRC\Win95\MpegDlg.cpp(390,27): warning C4244: '=': conversion from 'double' to 'LONG', possible loss of data
C:\USR\ClanWin\SRC\Win95\MpegDlg.cpp(391,19): warning C4244: '-=': conversion from 'double' to 'LONG', possible loss of data
C:\USR\ClanWin\SRC\Win95\MpegDlg.cpp(393,22): warning C4244: '-=': conversion from 'double' to 'LONG', possible loss of data
  MpegEventDispatch.cpp
  MSUtils.cpp
  mul.cpp
C:\USR\ClanWin\SRC\clan\mul.cpp(1406,9): warning C4068: unknown pragma 'unused'
  MVHelp.cpp
  my_unix.cpp
  ort.cpp
C:\USR\ClanWin\SRC\clan\ort.cpp(491,9): warning C4068: unknown pragma 'unused'
  Phonfreq.cpp
  post.cpp
C:\USR\ClanWin\src\Clan\post\post.cpp(48,9): warning C4068: unknown pragma 'unused'
  postana.cpp
  postlist.cpp
C:\USR\ClanWin\src\Clan\post\postlist.cpp(31,9): warning C4068: unknown pragma 'unused'
C:\USR\ClanWin\src\Clan\post\postlist.cpp(34,9): warning C4068: unknown pragma 'unused'
  postmodrules.cpp
C:\USR\ClanWin\SRC\CLAN\POST\postmodrules.cpp(34,9): warning C4068: unknown pragma 'unused'
C:\USR\ClanWin\SRC\CLAN\POST\postmodrules.cpp(37,9): warning C4068: unknown pragma 'unused'
  postmortem.cpp
C:\USR\ClanWin\SRC\clan\postmortem.cpp(1070,9): warning C4068: unknown pragma 'unused'
  posttrain.cpp
C:\USR\ClanWin\src\Clan\post\posttrain.cpp(49,9): warning C4068: unknown pragma 'unused'
  pp.cpp
C:\USR\ClanWin\SRC\clan\pp.cpp(64,2): warning C4065: switch statement contains 'default' but no 'case' labels
  Praat2Chat.cpp
C:\USR\ClanWin\SRC\clan\Praat2Chat.cpp(777,9): warning C4068: unknown pragma 'unused'
C:\USR\ClanWin\SRC\clan\Praat2Chat.cpp(1818,16): warning C4244: '=': conversion from 'double' to 'float', possible loss of data
C:\USR\ClanWin\SRC\clan\Praat2Chat.cpp(1820,16): warning C4244: '=': conversion from 'double' to 'float', possible loss of data
  Quotes.cpp
C:\USR\ClanWin\SRC\clan\Quotes.cpp(73,2): warning C4065: switch statement contains 'default' but no 'case' labels
  registry.cpp
C:\USR\ClanWin\SRC\CLAN\POST\registry.cpp(52,15): warning C4018: '<': signed/unsigned mismatch
C:\USR\ClanWin\SRC\CLAN\POST\registry.cpp(196,17): warning C4018: '<': signed/unsigned mismatch
C:\USR\ClanWin\SRC\CLAN\POST\registry.cpp(241,17): warning C4018: '<': signed/unsigned mismatch
  Rely.cpp
C:\USR\ClanWin\src\Clan\Rely.cpp(256,21): warning C4244: '=': conversion from 'int' to 'float', possible loss of data
C:\USR\ClanWin\src\Clan\Rely.cpp(841,9): warning C4244: '=': conversion from 'int' to 'float', possible loss of data
C:\USR\ClanWin\src\Clan\Rely.cpp(842,9): warning C4244: '=': conversion from 'int' to 'float', possible loss of data
C:\USR\ClanWin\src\Clan\Rely.cpp(846,9): warning C4244: '=': conversion from 'int' to 'float', possible loss of data
C:\USR\ClanWin\src\Clan\Rely.cpp(847,9): warning C4244: '=': conversion from 'int' to 'float', possible loss of data
C:\USR\ClanWin\src\Clan\Rely.cpp(866,8): warning C4244: '=': conversion from 'long' to 'float', possible loss of data
C:\USR\ClanWin\src\Clan\Rely.cpp(867,8): warning C4244: '=': conversion from 'long' to 'float', possible loss of data
C:\USR\ClanWin\src\Clan\Rely.cpp(876,8): warning C4244: '=': conversion from 'long' to 'float', possible loss of data
C:\USR\ClanWin\src\Clan\Rely.cpp(877,8): warning C4244: '=': conversion from 'long' to 'float', possible loss of data
C:\USR\ClanWin\src\Clan\Rely.cpp(891,10): warning C4244: '=': conversion from 'int' to 'float', possible loss of data
C:\USR\ClanWin\src\Clan\Rely.cpp(892,10): warning C4244: '=': conversion from 'int' to 'float', possible loss of data
C:\USR\ClanWin\src\Clan\Rely.cpp(898,10): warning C4244: '=': conversion from 'int' to 'float', possible loss of data
C:\USR\ClanWin\src\Clan\Rely.cpp(899,10): warning C4244: '=': conversion from 'int' to 'float', possible loss of data
C:\USR\ClanWin\src\Clan\Rely.cpp(915,10): warning C4244: '=': conversion from 'int' to 'float', possible loss of data
C:\USR\ClanWin\src\Clan\Rely.cpp(916,10): warning C4244: '=': conversion from 'int' to 'float', possible loss of data
C:\USR\ClanWin\src\Clan\Rely.cpp(922,10): warning C4244: '=': conversion from 'int' to 'float', possible loss of data
C:\USR\ClanWin\src\Clan\Rely.cpp(923,10): warning C4244: '=': conversion from 'int' to 'float', possible loss of data
  REPEAT.CPP
  Generating Code...
  Compiling...
  RETRACE.CPP
  rules.cpp
  script.cpp
C:\USR\ClanWin\SRC\clan\script.cpp(494,16): warning C4244: '=': conversion from 'double' to 'float', possible loss of data
C:\USR\ClanWin\SRC\clan\script.cpp(496,16): warning C4244: '=': conversion from 'double' to 'float', possible loss of data
C:\USR\ClanWin\SRC\clan\script.cpp(1015,14): warning C4244: '=': conversion from 'double' to 'float', possible loss of data
C:\USR\ClanWin\SRC\clan\script.cpp(1034,13): warning C4244: '=': conversion from 'int' to 'float', possible loss of data
C:\USR\ClanWin\SRC\clan\script.cpp(1035,25): warning C4244: '=': conversion from 'double' to 'float', possible loss of data
C:\USR\ClanWin\SRC\clan\script.cpp(1046,13): warning C4244: '=': conversion from 'int' to 'float', possible loss of data
C:\USR\ClanWin\SRC\clan\script.cpp(1047,25): warning C4244: '=': conversion from 'double' to 'float', possible loss of data
C:\USR\ClanWin\SRC\clan\script.cpp(1061,13): warning C4244: '=': conversion from 'int' to 'float', possible loss of data
C:\USR\ClanWin\SRC\clan\script.cpp(1062,25): warning C4244: '=': conversion from 'double' to 'float', possible loss of data
C:\USR\ClanWin\SRC\clan\script.cpp(1071,13): warning C4244: '=': conversion from 'int' to 'float', possible loss of data
C:\USR\ClanWin\SRC\clan\script.cpp(1072,25): warning C4244: '=': conversion from 'double' to 'float', possible loss of data
  search.cpp
  show_gra.cpp
  sound.cpp
  speaker.cpp
  splitchat.cpp
  storage.cpp
C:\USR\ClanWin\src\Clan\post\storage.cpp(67,9): warning C4068: unknown pragma 'unused'
C:\USR\ClanWin\src\Clan\post\storage.cpp(394,9): warning C4068: unknown pragma 'unused'
C:\USR\ClanWin\src\Clan\post\storage.cpp(474,9): warning C4068: unknown pragma 'unused'
  stringparser.cpp
C:\USR\ClanWin\SRC\CLAN\stringparser.cpp(257,11): warning C4018: '<': signed/unsigned mismatch
C:\USR\ClanWin\SRC\CLAN\stringparser.cpp(268,11): warning C4018: '<': signed/unsigned mismatch
C:\USR\ClanWin\SRC\CLAN\stringparser.cpp(306,11): warning C4018: '<': signed/unsigned mismatch
C:\USR\ClanWin\SRC\CLAN\stringparser.cpp(319,11): warning C4018: '<': signed/unsigned mismatch
C:\USR\ClanWin\SRC\CLAN\stringparser.cpp(412,9): warning C4068: unknown pragma 'unused'
C:\USR\ClanWin\SRC\CLAN\stringparser.cpp(445,9): warning C4068: unknown pragma 'unused'
C:\USR\ClanWin\SRC\CLAN\stringparser.cpp(493,9): warning C4068: unknown pragma 'unused'
C:\USR\ClanWin\SRC\CLAN\stringparser.cpp(505,9): warning C4068: unknown pragma 'unused'
C:\USR\ClanWin\SRC\CLAN\stringparser.cpp(633,9): warning C4068: unknown pragma 'unused'
C:\USR\ClanWin\SRC\CLAN\stringparser.cpp(703,9): warning C4068: unknown pragma 'unused'
C:\USR\ClanWin\SRC\CLAN\stringparser.cpp(717,9): warning C4068: unknown pragma 'unused'
C:\USR\ClanWin\SRC\CLAN\stringparser.cpp(1531,11): warning C4018: '<': signed/unsigned mismatch
C:\USR\ClanWin\SRC\CLAN\stringparser.cpp(1555,11): warning C4018: '<': signed/unsigned mismatch
C:\USR\ClanWin\SRC\CLAN\stringparser.cpp(1995,9): warning C4068: unknown pragma 'unused'
  tags.cpp
  Text.cpp
C:\USR\ClanWin\src\Ced\Text.cpp(947,20): warning C4244: '=': conversion from 'long' to 'float', possible loss of data
C:\USR\ClanWin\src\Ced\Text.cpp(962,19): warning C4244: '=': conversion from 'long' to 'float', possible loss of data
  tierorder.cpp
  tiers.cpp
  Timedur.cpp
C:\USR\ClanWin\src\Clan\Timedur.cpp(445,18): warning C4244: '=': conversion from 'double' to 'float', possible loss of data
C:\USR\ClanWin\src\Clan\Timedur.cpp(601,17): warning C4244: '=': conversion from 'float' to 'unsigned long', possible loss of data
C:\USR\ClanWin\src\Clan\Timedur.cpp(620,18): warning C4244: '=': conversion from 'float' to 'unsigned long', possible loss of data
C:\USR\ClanWin\src\Clan\Timedur.cpp(626,25): warning C4244: 'argument': conversion from 'unsigned long' to 'float', possible loss of data
C:\USR\ClanWin\src\Clan\Timedur.cpp(642,23): warning C4244: 'argument': conversion from 'unsigned long' to 'float', possible loss of data
C:\USR\ClanWin\src\Clan\Timedur.cpp(653,23): warning C4244: 'argument': conversion from 'unsigned long' to 'float', possible loss of data
C:\USR\ClanWin\src\Clan\Timedur.cpp(669,18): warning C4244: '=': conversion from 'float' to 'unsigned long', possible loss of data
C:\USR\ClanWin\src\Clan\Timedur.cpp(695,25): warning C4244: 'argument': conversion from 'unsigned long' to 'float', possible loss of data
C:\USR\ClanWin\src\Clan\Timedur.cpp(721,18): warning C4244: '=': conversion from 'float' to 'unsigned long', possible loss of data
  tlangcodes.cpp
  tokens.cpp
  trainbrill.cpp
  trainproc.cpp
C:\USR\ClanWin\src\Clan\post\trainproc.cpp(141,9): warning C4068: unknown pragma 'unused'
  TrnFix.cpp
C:\USR\ClanWin\SRC\clan\TrnFix.cpp(603,19): warning C4244: '=': conversion from 'double' to 'float', possible loss of data
  Generating Code...
  Compiling...
  undo.cpp
C:\USR\ClanWin\src\Ced\undo.cpp(253,23): warning C4267: '=': conversion from 'size_t' to 'wchar_t', possible loss of data
C:\USR\ClanWin\src\Ced\undo.cpp(360,23): warning C4267: '=': conversion from 'size_t' to 'wchar_t', possible loss of data
  UNIQ.CPP
  usedlex.cpp
C:\USR\ClanWin\SRC\clan\usedlex.cpp(197,2): warning C4065: switch statement contains 'default' but no 'case' labels
  utils.cpp
C:\USR\ClanWin\src\Ced\utils.cpp(80,11): warning C4018: '>=': signed/unsigned mismatch
  vocd.cpp
C:\USR\ClanWin\SRC\clan\vocd\vocd.cpp(969,8): warning C4244: 'argument': conversion from 'time_t' to 'unsigned int', possible loss of data
  W95_cl_datasets.cpp
C:\USR\ClanWin\SRC\Win95\W95_cl_datasets.cpp(149,1): error C1075: '{': no matching token found
  W95_cl_evald.cpp
  W95_cl_kideval.cpp
C:\USR\ClanWin\SRC\Win95\W95_cl_kideval.cpp(1753,6): warning C4101: 'i': unreferenced local variable
  W95_feedback.cpp
  w95_Unzip.cpp
  W95_cl_eval.cpp
  W95_cl_filein.cpp
C:\USR\ClanWin\SRC\Win95\W95_cl_filein.cpp(170,28): warning C4018: '>=': signed/unsigned mismatch
C:\USR\ClanWin\SRC\Win95\W95_cl_filein.cpp(354,28): warning C4996: 'CWnd::DlgDirSelect': CWnd::DlgDirSelect(lpszOut, nControlId) is no longer supported. Instead, use CWnd::DlgDirSelect(lpszOut, nSize, nControlId)
  W95_cl_folders.cpp
  W95_cl_search.cpp
  W95_cl_tiers.cpp
  w95_commands.cpp
  W95_dial.cpp
  w95_ids.cpp
C:\USR\ClanWin\SRC\Win95\w95_ids.cpp(195,37): warning C4805: '==': unsafe mix of type 'Boolean' and type 'bool' in operation
C:\USR\ClanWin\SRC\Win95\w95_ids.cpp(204,37): warning C4805: '==': unsafe mix of type 'Boolean' and type 'bool' in operation
  W95_menu.cpp
  W95_mous.cpp
C:\USR\ClanWin\SRC\Win95\W95_mous.cpp(365,84): warning C4244: 'argument': conversion from 'long' to 'short', possible loss of data
C:\USR\ClanWin\SRC\Win95\W95_mous.cpp(369,68): warning C4244: 'argument': conversion from 'long' to 'short', possible loss of data
  Generating Code...
  Compiling...
  w95_pict.cpp
  w95_PlaybackControl.cpp
  W95_progress.cpp
  W95_sound.cpp
C:\USR\ClanWin\SRC\Win95\W95_sound.cpp(2036,21): warning C4244: '=': conversion from 'double' to 'DWORD', possible loss of data
C:\USR\ClanWin\SRC\Win95\W95_sound.cpp(2338,31): warning C4244: '=': conversion from 'LONG' to 'short', possible loss of data
C:\USR\ClanWin\SRC\Win95\W95_sound.cpp(2349,33): warning C4244: '=': conversion from 'LONG' to 'short', possible loss of data
C:\USR\ClanWin\SRC\Win95\W95_sound.cpp(2364,33): warning C4244: '=': conversion from 'LONG' to 'short', possible loss of data
C:\USR\ClanWin\SRC\Win95\W95_sound.cpp(2848,58): warning C4244: '=': conversion from 'long' to 'WORD', possible loss of data
  W95_SpCharsDialog.cpp
C:\USR\ClanWin\SRC\Win95\W95_SpCharsDialog.cpp(69,16): warning C4244: '=': conversion from 'unsigned long' to 'wchar_t', possible loss of data
  W95_text.cpp
C:\USR\ClanWin\src\Win95\W95_text.cpp(619,15): warning C4018: '<': signed/unsigned mismatch
  w95_TextBullet.cpp
  w95_TxtBullet.cpp
  W95_util.cpp
C:\USR\ClanWin\src\Win95\W95_util.cpp(16,13): warning C4018: '>': signed/unsigned mismatch
C:\USR\ClanWin\src\Win95\W95_util.cpp(31,13): warning C4018: '>': signed/unsigned mismatch
C:\USR\ClanWin\src\Win95\W95_util.cpp(53,13): warning C4018: '>': signed/unsigned mismatch
C:\USR\ClanWin\src\Win95\W95_util.cpp(214,22): warning C4244: '=': conversion from '__time64_t' to 'UInt32', possible loss of data
C:\USR\ClanWin\src\Win95\W95_util.cpp(350,23): warning C4018: '<': signed/unsigned mismatch
C:\USR\ClanWin\src\Win95\W95_util.cpp(412,21): warning C4018: '<=': signed/unsigned mismatch
  W95_wind.cpp
C:\USR\ClanWin\src\Win95\W95_wind.cpp(46,23): warning C4244: 'return': conversion from 'LONG' to 'short', possible loss of data
  wdlen.cpp
C:\USR\ClanWin\src\Clan\wdlen.cpp(420,34): warning C4244: 'argument': conversion from 'double' to 'float', possible loss of data
C:\USR\ClanWin\src\Clan\wdlen.cpp(491,34): warning C4244: 'argument': conversion from 'double' to 'float', possible loss of data
C:\USR\ClanWin\src\Clan\wdlen.cpp(563,35): warning C4244: 'argument': conversion from 'double' to 'float', possible loss of data
C:\USR\ClanWin\src\Clan\wdlen.cpp(636,35): warning C4244: 'argument': conversion from 'double' to 'float', possible loss of data
C:\USR\ClanWin\src\Clan\wdlen.cpp(707,35): warning C4244: 'argument': conversion from 'double' to 'float', possible loss of data
C:\USR\ClanWin\src\Clan\wdlen.cpp(779,34): warning C4244: 'argument': conversion from 'double' to 'float', possible loss of data
C:\USR\ClanWin\src\Clan\wdlen.cpp(850,34): warning C4244: 'argument': conversion from 'double' to 'float', possible loss of data
C:\USR\ClanWin\src\Clan\wdlen.cpp(996,33): warning C4244: '=': conversion from 'float' to 'int', possible loss of data
C:\USR\ClanWin\src\Clan\wdlen.cpp(997,17): warning C4244: '=': conversion from 'float' to 'int', possible loss of data
  windows.cpp
  workspace.cpp
  Generating Code...
