c:\usr\clanwin\uni_release\vc120.pdb
c:\usr\clanwin\uni_release\sugar.obj
c:\usr\clanwin\uni_release\srt2chat.obj
c:\usr\clanwin\uni_release\silence-pc.obj
c:\usr\clanwin\uni_release\segment.obj
c:\usr\clanwin\uni_release\salt2chat.obj
c:\usr\clanwin\uni_release\rtf2chat.obj
c:\usr\clanwin\uni_release\anvil2chat.obj
c:\usr\clanwin\uni_release\anaalgo.obj
c:\usr\clanwin\uni_release\play2chat.obj
c:\usr\clanwin\uni_release\merge.obj
c:\usr\clanwin\uni_release\medialine.obj
c:\usr\clanwin\uni_release\lena2chat.obj
c:\usr\clanwin\uni_release\flucalc.obj
c:\usr\clanwin\uni_release\eval-d.obj
c:\usr\clanwin\uni_release\corelex.obj
c:\usr\clanwin\uni_release\convort.obj
c:\usr\clanwin\uni_release\codes-p.obj
c:\usr\clanwin\uni_release\chat2srt.obj
c:\usr\clanwin\uni_release\c-qpa.obj
c:\usr\clanwin\uni_release\c-nnla.obj
c:\usr\clanwin\uni_release\chat2xmar.obj
c:\usr\clanwin\uni_release\chat2praat.obj
c:\usr\clanwin\uni_release\chat2elan.obj
c:\usr\clanwin\uni_release\chat2ca.obj
c:\usr\clanwin\uni_release\chat2anvil.obj
c:\usr\clanwin\uni_release\chains.obj
c:\usr\clanwin\uni_release\ceddlgs.obj
c:\usr\clanwin\uni_release\ced.obj
c:\usr\clanwin\uni_release\c_ver.obj
c:\usr\clanwin\uni_release\c_main.obj
c:\usr\clanwin\uni_release\c_curses.obj
c:\usr\clanwin\uni_release\buildtree.obj
c:\usr\clanwin\uni_release\brilltagger.obj
c:\usr\clanwin\uni_release\brillanx.obj
c:\usr\clanwin\uni_release\blmvm.obj
c:\usr\clanwin\uni_release\atom.obj
c:\usr\clanwin\uni_release\arules.obj
c:\usr\clanwin\uni_release\args.obj
c:\usr\clanwin\uni_release\validatemfa.obj
c:\usr\clanwin\uni_release\text2chat.obj
c:\usr\clanwin\uni_release\cooccur.obj
c:\usr\clanwin\uni_release\contextrl.obj
c:\usr\clanwin\uni_release\compoundlib.obj
c:\usr\clanwin\uni_release\compound.obj
c:\usr\clanwin\uni_release\combtier.obj
c:\usr\clanwin\uni_release\combo.obj
c:\usr\clanwin\uni_release\codes.obj
c:\usr\clanwin\uni_release\cmdi.obj
c:\usr\clanwin\uni_release\clan2view.obj
c:\usr\clanwin\uni_release\clan2doc.obj
c:\usr\clanwin\uni_release\clan2.obj
c:\usr\clanwin\uni_release\cl_search.obj
c:\usr\clanwin\uni_release\cl_io.obj
c:\usr\clanwin\uni_release\cl_exec.obj
c:\usr\clanwin\uni_release\chstring.obj
c:\usr\clanwin\uni_release\chip_utl.obj
c:\usr\clanwin\uni_release\chip.obj
c:\usr\clanwin\uni_release\childfrm.obj
c:\usr\clanwin\uni_release\check_in.obj
c:\usr\clanwin\uni_release\check.obj
c:\usr\clanwin\uni_release\fixbullets.obj
c:\usr\clanwin\uni_release\filter.obj
c:\usr\clanwin\uni_release\eval.obj
c:\usr\clanwin\uni_release\elan2chat.obj
c:\usr\clanwin\uni_release\dss.obj
c:\usr\clanwin\uni_release\drules.obj
c:\usr\clanwin\uni_release\dos2unix.obj
c:\usr\clanwin\uni_release\dist.obj
c:\usr\clanwin\uni_release\delim.obj
c:\usr\clanwin\uni_release\delete.obj
c:\usr\clanwin\uni_release\dcompute.obj
c:\usr\clanwin\uni_release\dates.obj
c:\usr\clanwin\uni_release\datacleanup.obj
c:\usr\clanwin\uni_release\database.obj
c:\usr\clanwin\uni_release\darray.obj
c:\usr\clanwin\uni_release\cutt.obj
c:\usr\clanwin\uni_release\cutt-xml.obj
c:\usr\clanwin\uni_release\cursor.obj
c:\usr\clanwin\uni_release\crules.obj
c:\usr\clanwin\uni_release\cp2utf8.obj
c:\usr\clanwin\uni_release\key.obj
c:\usr\clanwin\uni_release\ipsyn.obj
c:\usr\clanwin\uni_release\input.obj
c:\usr\clanwin\uni_release\indent.obj
c:\usr\clanwin\uni_release\ids.obj
c:\usr\clanwin\uni_release\hashc.obj
c:\usr\clanwin\uni_release\hashbsc.obj
c:\usr\clanwin\uni_release\gps.obj
c:\usr\clanwin\uni_release\globals.obj
c:\usr\clanwin\uni_release\gemlist.obj
c:\usr\clanwin\uni_release\gemfreq.obj
c:\usr\clanwin\uni_release\gem.obj
c:\usr\clanwin\uni_release\g711.obj
c:\usr\clanwin\uni_release\fstructviewer.obj
c:\usr\clanwin\uni_release\freqpos.obj
c:\usr\clanwin\uni_release\freq.obj
c:\usr\clanwin\uni_release\fontconvert.obj
c:\usr\clanwin\uni_release\flo.obj
c:\usr\clanwin\uni_release\fixmp3sbullets.obj
c:\usr\clanwin\uni_release\fixit.obj
c:\usr\clanwin\uni_release\mor.obj
c:\usr\clanwin\uni_release\modrep.obj
c:\usr\clanwin\uni_release\mlu.obj
c:\usr\clanwin\uni_release\mlt.obj
c:\usr\clanwin\uni_release\mllib.obj
c:\usr\clanwin\uni_release\memory.obj
c:\usr\clanwin\uni_release\megrasp.obj
c:\usr\clanwin\uni_release\maxwd.obj
c:\usr\clanwin\uni_release\maxent.obj
c:\usr\clanwin\uni_release\makemod.obj
c:\usr\clanwin\uni_release\mainfrm.obj
c:\usr\clanwin\uni_release\lowcase.obj
c:\usr\clanwin\uni_release\longtier.obj
c:\usr\clanwin\uni_release\lipputf2chat.obj
c:\usr\clanwin\uni_release\lines.obj
c:\usr\clanwin\uni_release\lex-trie.obj
c:\usr\clanwin\uni_release\lab2chat.obj
c:\usr\clanwin\uni_release\kwal.obj
c:\usr\clanwin\uni_release\kideval.obj
c:\usr\clanwin\uni_release\keymap.obj
c:\usr\clanwin\uni_release\posttrain.obj
c:\usr\clanwin\uni_release\postmortem.obj
c:\usr\clanwin\uni_release\postmodrules.obj
c:\usr\clanwin\uni_release\postlist.obj
c:\usr\clanwin\uni_release\postana.obj
c:\usr\clanwin\uni_release\post.obj
c:\usr\clanwin\uni_release\phonfreq.obj
c:\usr\clanwin\uni_release\ort.obj
c:\usr\clanwin\uni_release\olac.obj
c:\usr\clanwin\uni_release\my_unix.obj
c:\usr\clanwin\uni_release\mvhelp.obj
c:\usr\clanwin\uni_release\mul.obj
c:\usr\clanwin\uni_release\msutils.obj
c:\usr\clanwin\uni_release\mpegeventdispatch.obj
c:\usr\clanwin\uni_release\mpegdlg.obj
c:\usr\clanwin\uni_release\mpeg.obj
c:\usr\clanwin\uni_release\msg.obj
c:\usr\clanwin\uni_release\mortags.obj
c:\usr\clanwin\uni_release\mortable.obj
c:\usr\clanwin\uni_release\morlib.obj
c:\usr\clanwin\uni_release\text.obj
c:\usr\clanwin\uni_release\tags.obj
c:\usr\clanwin\uni_release\stringparser.obj
c:\usr\clanwin\uni_release\storage.obj
c:\usr\clanwin\uni_release\stdafx.obj
c:\usr\clanwin\uni_release\splitchat.obj
c:\usr\clanwin\uni_release\speaker.obj
c:\usr\clanwin\uni_release\sound.obj
c:\usr\clanwin\uni_release\show_gra.obj
c:\usr\clanwin\uni_release\sendpraat.obj
c:\usr\clanwin\uni_release\search.obj
c:\usr\clanwin\uni_release\script.obj
c:\usr\clanwin\uni_release\rules.obj
c:\usr\clanwin\uni_release\retrace.obj
c:\usr\clanwin\uni_release\repeat.obj
c:\usr\clanwin\uni_release\rely.obj
c:\usr\clanwin\uni_release\registry.obj
c:\usr\clanwin\uni_release\quotes.obj
c:\usr\clanwin\uni_release\praat2chat.obj
c:\usr\clanwin\uni_release\pp.obj
c:\usr\clanwin\uni_release\w95_cl_filein.obj
c:\usr\clanwin\uni_release\w95_cl_eval.obj
c:\usr\clanwin\uni_release\w95_unzip.obj
c:\usr\clanwin\uni_release\w95_savemovietowave.obj
c:\usr\clanwin\uni_release\w95_feedback.obj
c:\usr\clanwin\uni_release\w95_cl_kideval.obj
c:\usr\clanwin\uni_release\w95_cl_evald.obj
c:\usr\clanwin\uni_release\vocd.obj
c:\usr\clanwin\uni_release\utils.obj
c:\usr\clanwin\uni_release\usedlex.obj
c:\usr\clanwin\uni_release\uniq.obj
c:\usr\clanwin\uni_release\undo.obj
c:\usr\clanwin\uni_release\trnfix.obj
c:\usr\clanwin\uni_release\trainproc.obj
c:\usr\clanwin\uni_release\trainbrill.obj
c:\usr\clanwin\uni_release\tokens.obj
c:\usr\clanwin\uni_release\tlangcodes.obj
c:\usr\clanwin\uni_release\timedur.obj
c:\usr\clanwin\uni_release\tiers.obj
c:\usr\clanwin\uni_release\tierorder.obj
c:\usr\clanwin\uni_release\wdlen.obj
c:\usr\clanwin\uni_release\w95_wind.obj
c:\usr\clanwin\uni_release\w95_webdata.obj
c:\usr\clanwin\uni_release\w95_util.obj
c:\usr\clanwin\uni_release\w95_txtbullet.obj
c:\usr\clanwin\uni_release\w95_textbullet.obj
c:\usr\clanwin\uni_release\w95_text.obj
c:\usr\clanwin\uni_release\w95_spcharsdialog.obj
c:\usr\clanwin\uni_release\w95_sound.obj
c:\usr\clanwin\uni_release\w95_progress.obj
c:\usr\clanwin\uni_release\w95_playbackcontrol.obj
c:\usr\clanwin\uni_release\w95_pict.obj
c:\usr\clanwin\uni_release\w95_mous.obj
c:\usr\clanwin\uni_release\w95_menu.obj
c:\usr\clanwin\uni_release\w95_ids.obj
c:\usr\clanwin\uni_release\w95_dial.obj
c:\usr\clanwin\uni_release\w95_commands.obj
c:\usr\clanwin\uni_release\w95_cl_tiers.obj
c:\usr\clanwin\uni_release\w95_cl_search.obj
c:\usr\clanwin\uni_release\w95_cl_folders.obj
c:\usr\clanwin\uni_release\workspace.obj
c:\usr\clanwin\uni_release\windows.obj
c:\usr\clanwin\uni_release\roles.obj
c:\usr\clanwin\uni_release\clan.exe
c:\usr\clanwin\uni_release\clan2.res
c:\usr\clanwin\.\uni_release\clan.exe
c:\usr\clanwin\uni_release\clan2.tlog\cl.command.1.tlog
c:\usr\clanwin\uni_release\clan2.tlog\cl.read.1.tlog
c:\usr\clanwin\uni_release\clan2.tlog\cl.write.1.tlog
c:\usr\clanwin\uni_release\clan2.tlog\link.command.1.tlog
c:\usr\clanwin\uni_release\clan2.tlog\link.read.1.tlog
c:\usr\clanwin\uni_release\clan2.tlog\link.write.1.tlog
c:\usr\clanwin\uni_release\clan2.tlog\rc.command.1.tlog
c:\usr\clanwin\uni_release\clan2.tlog\rc.read.1.tlog
c:\usr\clanwin\uni_release\clan2.tlog\rc.write.1.tlog
